Start testing: Jul 14 20:04 UTC
----------------------------------------------------------
1/216 Testing: DynamicArrayInsertTest.InsertElementAtMiddle
1/216 Test: DynamicArrayInsertTest.InsertElementAtMiddle
Command: "/mnt/c/Users/suman/Desktop/DS_Library/build/DynamicArrayTesting" "--gtest_filter=DynamicArrayInsertTest.InsertElementAtMiddle" "--gtest_also_run_disabled_tests"
Directory: /mnt/c/Users/suman/Desktop/DS_Library/build
"DynamicArrayInsertTest.InsertElementAtMiddle" start time: Jul 14 20:04 UTC
Output:
----------------------------------------------------------
Running main() from ./googletest/src/gtest_main.cc
Note: Google Test filter = DynamicArrayInsertTest.InsertElementAtMiddle
[==========] Running 1 test from 1 test suite.
[----------] Global test environment set-up.
[----------] 1 test from DynamicArrayInsertTest
[ RUN      ] DynamicArrayInsertTest.InsertElementAtMiddle
[       OK ] DynamicArrayInsertTest.InsertElementAtMiddle (0 ms)
[----------] 1 test from DynamicArrayInsertTest (0 ms total)

[----------] Global test environment tear-down
[==========] 1 test from 1 test suite ran. (0 ms total)
[  PASSED  ] 1 test.
<end of output>
Test time =   0.02 sec
----------------------------------------------------------
Test Passed.
"DynamicArrayInsertTest.InsertElementAtMiddle" end time: Jul 14 20:04 UTC
"DynamicArrayInsertTest.InsertElementAtMiddle" time elapsed: 00:00:00
----------------------------------------------------------

2/216 Testing: DynamicArrayInsertTest.InsertElementAtBeginning
2/216 Test: DynamicArrayInsertTest.InsertElementAtBeginning
Command: "/mnt/c/Users/suman/Desktop/DS_Library/build/DynamicArrayTesting" "--gtest_filter=DynamicArrayInsertTest.InsertElementAtBeginning" "--gtest_also_run_disabled_tests"
Directory: /mnt/c/Users/suman/Desktop/DS_Library/build
"DynamicArrayInsertTest.InsertElementAtBeginning" start time: Jul 14 20:04 UTC
Output:
----------------------------------------------------------
Running main() from ./googletest/src/gtest_main.cc
Note: Google Test filter = DynamicArrayInsertTest.InsertElementAtBeginning
[==========] Running 1 test from 1 test suite.
[----------] Global test environment set-up.
[----------] 1 test from DynamicArrayInsertTest
[ RUN      ] DynamicArrayInsertTest.InsertElementAtBeginning
[       OK ] DynamicArrayInsertTest.InsertElementAtBeginning (0 ms)
[----------] 1 test from DynamicArrayInsertTest (0 ms total)

[----------] Global test environment tear-down
[==========] 1 test from 1 test suite ran. (0 ms total)
[  PASSED  ] 1 test.
<end of output>
Test time =   0.02 sec
----------------------------------------------------------
Test Passed.
"DynamicArrayInsertTest.InsertElementAtBeginning" end time: Jul 14 20:04 UTC
"DynamicArrayInsertTest.InsertElementAtBeginning" time elapsed: 00:00:00
----------------------------------------------------------

3/216 Testing: DynamicArrayInsertTest.InsertElementAtEnd
3/216 Test: DynamicArrayInsertTest.InsertElementAtEnd
Command: "/mnt/c/Users/suman/Desktop/DS_Library/build/DynamicArrayTesting" "--gtest_filter=DynamicArrayInsertTest.InsertElementAtEnd" "--gtest_also_run_disabled_tests"
Directory: /mnt/c/Users/suman/Desktop/DS_Library/build
"DynamicArrayInsertTest.InsertElementAtEnd" start time: Jul 14 20:04 UTC
Output:
----------------------------------------------------------
Running main() from ./googletest/src/gtest_main.cc
Note: Google Test filter = DynamicArrayInsertTest.InsertElementAtEnd
[==========] Running 1 test from 1 test suite.
[----------] Global test environment set-up.
[----------] 1 test from DynamicArrayInsertTest
[ RUN      ] DynamicArrayInsertTest.InsertElementAtEnd
[       OK ] DynamicArrayInsertTest.InsertElementAtEnd (0 ms)
[----------] 1 test from DynamicArrayInsertTest (0 ms total)

[----------] Global test environment tear-down
[==========] 1 test from 1 test suite ran. (0 ms total)
[  PASSED  ] 1 test.
<end of output>
Test time =   0.01 sec
----------------------------------------------------------
Test Passed.
"DynamicArrayInsertTest.InsertElementAtEnd" end time: Jul 14 20:04 UTC
"DynamicArrayInsertTest.InsertElementAtEnd" time elapsed: 00:00:00
----------------------------------------------------------

4/216 Testing: DynamicArrayInsertTest.InsertMultipleElements
4/216 Test: DynamicArrayInsertTest.InsertMultipleElements
Command: "/mnt/c/Users/suman/Desktop/DS_Library/build/DynamicArrayTesting" "--gtest_filter=DynamicArrayInsertTest.InsertMultipleElements" "--gtest_also_run_disabled_tests"
Directory: /mnt/c/Users/suman/Desktop/DS_Library/build
"DynamicArrayInsertTest.InsertMultipleElements" start time: Jul 14 20:04 UTC
Output:
----------------------------------------------------------
Running main() from ./googletest/src/gtest_main.cc
Note: Google Test filter = DynamicArrayInsertTest.InsertMultipleElements
[==========] Running 1 test from 1 test suite.
[----------] Global test environment set-up.
[----------] 1 test from DynamicArrayInsertTest
[ RUN      ] DynamicArrayInsertTest.InsertMultipleElements
[       OK ] DynamicArrayInsertTest.InsertMultipleElements (0 ms)
[----------] 1 test from DynamicArrayInsertTest (0 ms total)

[----------] Global test environment tear-down
[==========] 1 test from 1 test suite ran. (0 ms total)
[  PASSED  ] 1 test.
<end of output>
Test time =   0.01 sec
----------------------------------------------------------
Test Passed.
"DynamicArrayInsertTest.InsertMultipleElements" end time: Jul 14 20:04 UTC
"DynamicArrayInsertTest.InsertMultipleElements" time elapsed: 00:00:00
----------------------------------------------------------

5/216 Testing: DynamicArrayConstructorTest.DefaultConstructorInitialState
5/216 Test: DynamicArrayConstructorTest.DefaultConstructorInitialState
Command: "/mnt/c/Users/suman/Desktop/DS_Library/build/DynamicArrayTesting" "--gtest_filter=DynamicArrayConstructorTest.DefaultConstructorInitialState" "--gtest_also_run_disabled_tests"
Directory: /mnt/c/Users/suman/Desktop/DS_Library/build
"DynamicArrayConstructorTest.DefaultConstructorInitialState" start time: Jul 14 20:04 UTC
Output:
----------------------------------------------------------
Running main() from ./googletest/src/gtest_main.cc
Note: Google Test filter = DynamicArrayConstructorTest.DefaultConstructorInitialState
[==========] Running 1 test from 1 test suite.
[----------] Global test environment set-up.
[----------] 1 test from DynamicArrayConstructorTest
[ RUN      ] DynamicArrayConstructorTest.DefaultConstructorInitialState
[       OK ] DynamicArrayConstructorTest.DefaultConstructorInitialState (0 ms)
[----------] 1 test from DynamicArrayConstructorTest (0 ms total)

[----------] Global test environment tear-down
[==========] 1 test from 1 test suite ran. (0 ms total)
[  PASSED  ] 1 test.
<end of output>
Test time =   0.01 sec
----------------------------------------------------------
Test Passed.
"DynamicArrayConstructorTest.DefaultConstructorInitialState" end time: Jul 14 20:04 UTC
"DynamicArrayConstructorTest.DefaultConstructorInitialState" time elapsed: 00:00:00
----------------------------------------------------------

6/216 Testing: DynamicArrayConstructorTest.CanInsertAfterConstruction
6/216 Test: DynamicArrayConstructorTest.CanInsertAfterConstruction
Command: "/mnt/c/Users/suman/Desktop/DS_Library/build/DynamicArrayTesting" "--gtest_filter=DynamicArrayConstructorTest.CanInsertAfterConstruction" "--gtest_also_run_disabled_tests"
Directory: /mnt/c/Users/suman/Desktop/DS_Library/build
"DynamicArrayConstructorTest.CanInsertAfterConstruction" start time: Jul 14 20:04 UTC
Output:
----------------------------------------------------------
Running main() from ./googletest/src/gtest_main.cc
Note: Google Test filter = DynamicArrayConstructorTest.CanInsertAfterConstruction
[==========] Running 1 test from 1 test suite.
[----------] Global test environment set-up.
[----------] 1 test from DynamicArrayConstructorTest
[ RUN      ] DynamicArrayConstructorTest.CanInsertAfterConstruction
[       OK ] DynamicArrayConstructorTest.CanInsertAfterConstruction (0 ms)
[----------] 1 test from DynamicArrayConstructorTest (0 ms total)

[----------] Global test environment tear-down
[==========] 1 test from 1 test suite ran. (0 ms total)
[  PASSED  ] 1 test.
<end of output>
Test time =   0.01 sec
----------------------------------------------------------
Test Passed.
"DynamicArrayConstructorTest.CanInsertAfterConstruction" end time: Jul 14 20:04 UTC
"DynamicArrayConstructorTest.CanInsertAfterConstruction" time elapsed: 00:00:00
----------------------------------------------------------

7/216 Testing: DynamicArrayConstructorTest.CapacityGrowthAfterConstruction
7/216 Test: DynamicArrayConstructorTest.CapacityGrowthAfterConstruction
Command: "/mnt/c/Users/suman/Desktop/DS_Library/build/DynamicArrayTesting" "--gtest_filter=DynamicArrayConstructorTest.CapacityGrowthAfterConstruction" "--gtest_also_run_disabled_tests"
Directory: /mnt/c/Users/suman/Desktop/DS_Library/build
"DynamicArrayConstructorTest.CapacityGrowthAfterConstruction" start time: Jul 14 20:04 UTC
Output:
----------------------------------------------------------
Running main() from ./googletest/src/gtest_main.cc
Note: Google Test filter = DynamicArrayConstructorTest.CapacityGrowthAfterConstruction
[==========] Running 1 test from 1 test suite.
[----------] Global test environment set-up.
[----------] 1 test from DynamicArrayConstructorTest
[ RUN      ] DynamicArrayConstructorTest.CapacityGrowthAfterConstruction
[       OK ] DynamicArrayConstructorTest.CapacityGrowthAfterConstruction (0 ms)
[----------] 1 test from DynamicArrayConstructorTest (0 ms total)

[----------] Global test environment tear-down
[==========] 1 test from 1 test suite ran. (0 ms total)
[  PASSED  ] 1 test.
<end of output>
Test time =   0.01 sec
----------------------------------------------------------
Test Passed.
"DynamicArrayConstructorTest.CapacityGrowthAfterConstruction" end time: Jul 14 20:04 UTC
"DynamicArrayConstructorTest.CapacityGrowthAfterConstruction" time elapsed: 00:00:00
----------------------------------------------------------

8/216 Testing: DynamicArrayConstructorTest.MultipleObjectsHaveIndependentMemory
8/216 Test: DynamicArrayConstructorTest.MultipleObjectsHaveIndependentMemory
Command: "/mnt/c/Users/suman/Desktop/DS_Library/build/DynamicArrayTesting" "--gtest_filter=DynamicArrayConstructorTest.MultipleObjectsHaveIndependentMemory" "--gtest_also_run_disabled_tests"
Directory: /mnt/c/Users/suman/Desktop/DS_Library/build
"DynamicArrayConstructorTest.MultipleObjectsHaveIndependentMemory" start time: Jul 14 20:04 UTC
Output:
----------------------------------------------------------
Running main() from ./googletest/src/gtest_main.cc
Note: Google Test filter = DynamicArrayConstructorTest.MultipleObjectsHaveIndependentMemory
[==========] Running 1 test from 1 test suite.
[----------] Global test environment set-up.
[----------] 1 test from DynamicArrayConstructorTest
[ RUN      ] DynamicArrayConstructorTest.MultipleObjectsHaveIndependentMemory
[       OK ] DynamicArrayConstructorTest.MultipleObjectsHaveIndependentMemory (0 ms)
[----------] 1 test from DynamicArrayConstructorTest (0 ms total)

[----------] Global test environment tear-down
[==========] 1 test from 1 test suite ran. (0 ms total)
[  PASSED  ] 1 test.
<end of output>
Test time =   0.01 sec
----------------------------------------------------------
Test Passed.
"DynamicArrayConstructorTest.MultipleObjectsHaveIndependentMemory" end time: Jul 14 20:04 UTC
"DynamicArrayConstructorTest.MultipleObjectsHaveIndependentMemory" time elapsed: 00:00:00
----------------------------------------------------------

9/216 Testing: DynamicArrayConstructorTest.WorksWithStringType
9/216 Test: DynamicArrayConstructorTest.WorksWithStringType
Command: "/mnt/c/Users/suman/Desktop/DS_Library/build/DynamicArrayTesting" "--gtest_filter=DynamicArrayConstructorTest.WorksWithStringType" "--gtest_also_run_disabled_tests"
Directory: /mnt/c/Users/suman/Desktop/DS_Library/build
"DynamicArrayConstructorTest.WorksWithStringType" start time: Jul 14 20:04 UTC
Output:
----------------------------------------------------------
Running main() from ./googletest/src/gtest_main.cc
Note: Google Test filter = DynamicArrayConstructorTest.WorksWithStringType
[==========] Running 1 test from 1 test suite.
[----------] Global test environment set-up.
[----------] 1 test from DynamicArrayConstructorTest
[ RUN      ] DynamicArrayConstructorTest.WorksWithStringType
[       OK ] DynamicArrayConstructorTest.WorksWithStringType (0 ms)
[----------] 1 test from DynamicArrayConstructorTest (0 ms total)

[----------] Global test environment tear-down
[==========] 1 test from 1 test suite ran. (0 ms total)
[  PASSED  ] 1 test.
<end of output>
Test time =   0.03 sec
----------------------------------------------------------
Test Passed.
"DynamicArrayConstructorTest.WorksWithStringType" end time: Jul 14 20:04 UTC
"DynamicArrayConstructorTest.WorksWithStringType" time elapsed: 00:00:00
----------------------------------------------------------

10/216 Testing: DynamicArrayConstructorTest.WorksWithUserDefinedType
10/216 Test: DynamicArrayConstructorTest.WorksWithUserDefinedType
Command: "/mnt/c/Users/suman/Desktop/DS_Library/build/DynamicArrayTesting" "--gtest_filter=DynamicArrayConstructorTest.WorksWithUserDefinedType" "--gtest_also_run_disabled_tests"
Directory: /mnt/c/Users/suman/Desktop/DS_Library/build
"DynamicArrayConstructorTest.WorksWithUserDefinedType" start time: Jul 14 20:04 UTC
Output:
----------------------------------------------------------
Running main() from ./googletest/src/gtest_main.cc
Note: Google Test filter = DynamicArrayConstructorTest.WorksWithUserDefinedType
[==========] Running 1 test from 1 test suite.
[----------] Global test environment set-up.
[----------] 1 test from DynamicArrayConstructorTest
[ RUN      ] DynamicArrayConstructorTest.WorksWithUserDefinedType
[       OK ] DynamicArrayConstructorTest.WorksWithUserDefinedType (0 ms)
[----------] 1 test from DynamicArrayConstructorTest (0 ms total)

[----------] Global test environment tear-down
[==========] 1 test from 1 test suite ran. (0 ms total)
[  PASSED  ] 1 test.
<end of output>
Test time =   0.01 sec
----------------------------------------------------------
Test Passed.
"DynamicArrayConstructorTest.WorksWithUserDefinedType" end time: Jul 14 20:04 UTC
"DynamicArrayConstructorTest.WorksWithUserDefinedType" time elapsed: 00:00:00
----------------------------------------------------------

11/216 Testing: DynamicArrayConstructorTest.NewlyCreatedArraysRemainIndependent
11/216 Test: DynamicArrayConstructorTest.NewlyCreatedArraysRemainIndependent
Command: "/mnt/c/Users/suman/Desktop/DS_Library/build/DynamicArrayTesting" "--gtest_filter=DynamicArrayConstructorTest.NewlyCreatedArraysRemainIndependent" "--gtest_also_run_disabled_tests"
Directory: /mnt/c/Users/suman/Desktop/DS_Library/build
"DynamicArrayConstructorTest.NewlyCreatedArraysRemainIndependent" start time: Jul 14 20:04 UTC
Output:
----------------------------------------------------------
Running main() from ./googletest/src/gtest_main.cc
Note: Google Test filter = DynamicArrayConstructorTest.NewlyCreatedArraysRemainIndependent
[==========] Running 1 test from 1 test suite.
[----------] Global test environment set-up.
[----------] 1 test from DynamicArrayConstructorTest
[ RUN      ] DynamicArrayConstructorTest.NewlyCreatedArraysRemainIndependent
[       OK ] DynamicArrayConstructorTest.NewlyCreatedArraysRemainIndependent (0 ms)
[----------] 1 test from DynamicArrayConstructorTest (0 ms total)

[----------] Global test environment tear-down
[==========] 1 test from 1 test suite ran. (0 ms total)
[  PASSED  ] 1 test.
<end of output>
Test time =   0.01 sec
----------------------------------------------------------
Test Passed.
"DynamicArrayConstructorTest.NewlyCreatedArraysRemainIndependent" end time: Jul 14 20:04 UTC
"DynamicArrayConstructorTest.NewlyCreatedArraysRemainIndependent" time elapsed: 00:00:00
----------------------------------------------------------

12/216 Testing: DynamicArrayDestructorTest.EmptyArrayDestructor
12/216 Test: DynamicArrayDestructorTest.EmptyArrayDestructor
Command: "/mnt/c/Users/suman/Desktop/DS_Library/build/DynamicArrayTesting" "--gtest_filter=DynamicArrayDestructorTest.EmptyArrayDestructor" "--gtest_also_run_disabled_tests"
Directory: /mnt/c/Users/suman/Desktop/DS_Library/build
"DynamicArrayDestructorTest.EmptyArrayDestructor" start time: Jul 14 20:04 UTC
Output:
----------------------------------------------------------
Running main() from ./googletest/src/gtest_main.cc
Note: Google Test filter = DynamicArrayDestructorTest.EmptyArrayDestructor
[==========] Running 1 test from 1 test suite.
[----------] Global test environment set-up.
[----------] 1 test from DynamicArrayDestructorTest
[ RUN      ] DynamicArrayDestructorTest.EmptyArrayDestructor
[       OK ] DynamicArrayDestructorTest.EmptyArrayDestructor (0 ms)
[----------] 1 test from DynamicArrayDestructorTest (0 ms total)

[----------] Global test environment tear-down
[==========] 1 test from 1 test suite ran. (0 ms total)
[  PASSED  ] 1 test.
<end of output>
Test time =   0.01 sec
----------------------------------------------------------
Test Passed.
"DynamicArrayDestructorTest.EmptyArrayDestructor" end time: Jul 14 20:04 UTC
"DynamicArrayDestructorTest.EmptyArrayDestructor" time elapsed: 00:00:00
----------------------------------------------------------

13/216 Testing: DynamicArrayDestructorTest.CallsDestructorForEveryElement
13/216 Test: DynamicArrayDestructorTest.CallsDestructorForEveryElement
Command: "/mnt/c/Users/suman/Desktop/DS_Library/build/DynamicArrayTesting" "--gtest_filter=DynamicArrayDestructorTest.CallsDestructorForEveryElement" "--gtest_also_run_disabled_tests"
Directory: /mnt/c/Users/suman/Desktop/DS_Library/build
"DynamicArrayDestructorTest.CallsDestructorForEveryElement" start time: Jul 14 20:04 UTC
Output:
----------------------------------------------------------
Running main() from ./googletest/src/gtest_main.cc
Note: Google Test filter = DynamicArrayDestructorTest.CallsDestructorForEveryElement
[==========] Running 1 test from 1 test suite.
[----------] Global test environment set-up.
[----------] 1 test from DynamicArrayDestructorTest
[ RUN      ] DynamicArrayDestructorTest.CallsDestructorForEveryElement
[       OK ] DynamicArrayDestructorTest.CallsDestructorForEveryElement (0 ms)
[----------] 1 test from DynamicArrayDestructorTest (0 ms total)

[----------] Global test environment tear-down
[==========] 1 test from 1 test suite ran. (0 ms total)
[  PASSED  ] 1 test.
<end of output>
Test time =   0.01 sec
----------------------------------------------------------
Test Passed.
"DynamicArrayDestructorTest.CallsDestructorForEveryElement" end time: Jul 14 20:04 UTC
"DynamicArrayDestructorTest.CallsDestructorForEveryElement" time elapsed: 00:00:00
----------------------------------------------------------

14/216 Testing: DynamicArrayDestructorTest.HandlesLargeNumberOfElements
14/216 Test: DynamicArrayDestructorTest.HandlesLargeNumberOfElements
Command: "/mnt/c/Users/suman/Desktop/DS_Library/build/DynamicArrayTesting" "--gtest_filter=DynamicArrayDestructorTest.HandlesLargeNumberOfElements" "--gtest_also_run_disabled_tests"
Directory: /mnt/c/Users/suman/Desktop/DS_Library/build
"DynamicArrayDestructorTest.HandlesLargeNumberOfElements" start time: Jul 14 20:04 UTC
Output:
----------------------------------------------------------
Running main() from ./googletest/src/gtest_main.cc
Note: Google Test filter = DynamicArrayDestructorTest.HandlesLargeNumberOfElements
[==========] Running 1 test from 1 test suite.
[----------] Global test environment set-up.
[----------] 1 test from DynamicArrayDestructorTest
[ RUN      ] DynamicArrayDestructorTest.HandlesLargeNumberOfElements
[       OK ] DynamicArrayDestructorTest.HandlesLargeNumberOfElements (0 ms)
[----------] 1 test from DynamicArrayDestructorTest (0 ms total)

[----------] Global test environment tear-down
[==========] 1 test from 1 test suite ran. (0 ms total)
[  PASSED  ] 1 test.
<end of output>
Test time =   0.01 sec
----------------------------------------------------------
Test Passed.
"DynamicArrayDestructorTest.HandlesLargeNumberOfElements" end time: Jul 14 20:04 UTC
"DynamicArrayDestructorTest.HandlesLargeNumberOfElements" time elapsed: 00:00:00
----------------------------------------------------------

15/216 Testing: DynamicArrayDestructorTest.DestructorAfterCopyConstructor
15/216 Test: DynamicArrayDestructorTest.DestructorAfterCopyConstructor
Command: "/mnt/c/Users/suman/Desktop/DS_Library/build/DynamicArrayTesting" "--gtest_filter=DynamicArrayDestructorTest.DestructorAfterCopyConstructor" "--gtest_also_run_disabled_tests"
Directory: /mnt/c/Users/suman/Desktop/DS_Library/build
"DynamicArrayDestructorTest.DestructorAfterCopyConstructor" start time: Jul 14 20:04 UTC
Output:
----------------------------------------------------------
Running main() from ./googletest/src/gtest_main.cc
Note: Google Test filter = DynamicArrayDestructorTest.DestructorAfterCopyConstructor
[==========] Running 1 test from 1 test suite.
[----------] Global test environment set-up.
[----------] 1 test from DynamicArrayDestructorTest
[ RUN      ] DynamicArrayDestructorTest.DestructorAfterCopyConstructor
[       OK ] DynamicArrayDestructorTest.DestructorAfterCopyConstructor (0 ms)
[----------] 1 test from DynamicArrayDestructorTest (0 ms total)

[----------] Global test environment tear-down
[==========] 1 test from 1 test suite ran. (0 ms total)
[  PASSED  ] 1 test.
<end of output>
Test time =   0.01 sec
----------------------------------------------------------
Test Passed.
"DynamicArrayDestructorTest.DestructorAfterCopyConstructor" end time: Jul 14 20:04 UTC
"DynamicArrayDestructorTest.DestructorAfterCopyConstructor" time elapsed: 00:00:00
----------------------------------------------------------

16/216 Testing: DynamicArrayDestructorTest.DestructorAfterAssignment
16/216 Test: DynamicArrayDestructorTest.DestructorAfterAssignment
Command: "/mnt/c/Users/suman/Desktop/DS_Library/build/DynamicArrayTesting" "--gtest_filter=DynamicArrayDestructorTest.DestructorAfterAssignment" "--gtest_also_run_disabled_tests"
Directory: /mnt/c/Users/suman/Desktop/DS_Library/build
"DynamicArrayDestructorTest.DestructorAfterAssignment" start time: Jul 14 20:04 UTC
Output:
----------------------------------------------------------
Running main() from ./googletest/src/gtest_main.cc
Note: Google Test filter = DynamicArrayDestructorTest.DestructorAfterAssignment
[==========] Running 1 test from 1 test suite.
[----------] Global test environment set-up.
[----------] 1 test from DynamicArrayDestructorTest
[ RUN      ] DynamicArrayDestructorTest.DestructorAfterAssignment
[       OK ] DynamicArrayDestructorTest.DestructorAfterAssignment (0 ms)
[----------] 1 test from DynamicArrayDestructorTest (0 ms total)

[----------] Global test environment tear-down
[==========] 1 test from 1 test suite ran. (0 ms total)
[  PASSED  ] 1 test.
<end of output>
Test time =   0.02 sec
----------------------------------------------------------
Test Passed.
"DynamicArrayDestructorTest.DestructorAfterAssignment" end time: Jul 14 20:04 UTC
"DynamicArrayDestructorTest.DestructorAfterAssignment" time elapsed: 00:00:00
----------------------------------------------------------

17/216 Testing: DynamicArrayDestructorTest.MultipleObjectsDestroySafely
17/216 Test: DynamicArrayDestructorTest.MultipleObjectsDestroySafely
Command: "/mnt/c/Users/suman/Desktop/DS_Library/build/DynamicArrayTesting" "--gtest_filter=DynamicArrayDestructorTest.MultipleObjectsDestroySafely" "--gtest_also_run_disabled_tests"
Directory: /mnt/c/Users/suman/Desktop/DS_Library/build
"DynamicArrayDestructorTest.MultipleObjectsDestroySafely" start time: Jul 14 20:04 UTC
Output:
----------------------------------------------------------
Running main() from ./googletest/src/gtest_main.cc
Note: Google Test filter = DynamicArrayDestructorTest.MultipleObjectsDestroySafely
[==========] Running 1 test from 1 test suite.
[----------] Global test environment set-up.
[----------] 1 test from DynamicArrayDestructorTest
[ RUN      ] DynamicArrayDestructorTest.MultipleObjectsDestroySafely
[       OK ] DynamicArrayDestructorTest.MultipleObjectsDestroySafely (0 ms)
[----------] 1 test from DynamicArrayDestructorTest (0 ms total)

[----------] Global test environment tear-down
[==========] 1 test from 1 test suite ran. (0 ms total)
[  PASSED  ] 1 test.
<end of output>
Test time =   0.02 sec
----------------------------------------------------------
Test Passed.
"DynamicArrayDestructorTest.MultipleObjectsDestroySafely" end time: Jul 14 20:04 UTC
"DynamicArrayDestructorTest.MultipleObjectsDestroySafely" time elapsed: 00:00:00
----------------------------------------------------------

18/216 Testing: DynamicArrayPushBackTest.InsertSingleElement
18/216 Test: DynamicArrayPushBackTest.InsertSingleElement
Command: "/mnt/c/Users/suman/Desktop/DS_Library/build/DynamicArrayTesting" "--gtest_filter=DynamicArrayPushBackTest.InsertSingleElement" "--gtest_also_run_disabled_tests"
Directory: /mnt/c/Users/suman/Desktop/DS_Library/build
"DynamicArrayPushBackTest.InsertSingleElement" start time: Jul 14 20:04 UTC
Output:
----------------------------------------------------------
Running main() from ./googletest/src/gtest_main.cc
Note: Google Test filter = DynamicArrayPushBackTest.InsertSingleElement
[==========] Running 1 test from 1 test suite.
[----------] Global test environment set-up.
[----------] 1 test from DynamicArrayPushBackTest
[ RUN      ] DynamicArrayPushBackTest.InsertSingleElement
[       OK ] DynamicArrayPushBackTest.InsertSingleElement (0 ms)
[----------] 1 test from DynamicArrayPushBackTest (0 ms total)

[----------] Global test environment tear-down
[==========] 1 test from 1 test suite ran. (0 ms total)
[  PASSED  ] 1 test.
<end of output>
Test time =   0.01 sec
----------------------------------------------------------
Test Passed.
"DynamicArrayPushBackTest.InsertSingleElement" end time: Jul 14 20:04 UTC
"DynamicArrayPushBackTest.InsertSingleElement" time elapsed: 00:00:00
----------------------------------------------------------

19/216 Testing: DynamicArrayPushBackTest.InsertMultipleElements
19/216 Test: DynamicArrayPushBackTest.InsertMultipleElements
Command: "/mnt/c/Users/suman/Desktop/DS_Library/build/DynamicArrayTesting" "--gtest_filter=DynamicArrayPushBackTest.InsertMultipleElements" "--gtest_also_run_disabled_tests"
Directory: /mnt/c/Users/suman/Desktop/DS_Library/build
"DynamicArrayPushBackTest.InsertMultipleElements" start time: Jul 14 20:04 UTC
Output:
----------------------------------------------------------
Running main() from ./googletest/src/gtest_main.cc
Note: Google Test filter = DynamicArrayPushBackTest.InsertMultipleElements
[==========] Running 1 test from 1 test suite.
[----------] Global test environment set-up.
[----------] 1 test from DynamicArrayPushBackTest
[ RUN      ] DynamicArrayPushBackTest.InsertMultipleElements
[       OK ] DynamicArrayPushBackTest.InsertMultipleElements (0 ms)
[----------] 1 test from DynamicArrayPushBackTest (0 ms total)

[----------] Global test environment tear-down
[==========] 1 test from 1 test suite ran. (0 ms total)
[  PASSED  ] 1 test.
<end of output>
Test time =   0.02 sec
----------------------------------------------------------
Test Passed.
"DynamicArrayPushBackTest.InsertMultipleElements" end time: Jul 14 20:04 UTC
"DynamicArrayPushBackTest.InsertMultipleElements" time elapsed: 00:00:00
----------------------------------------------------------

20/216 Testing: DynamicArrayPushBackTest.CapacityRemainsSameWhenNotFull
20/216 Test: DynamicArrayPushBackTest.CapacityRemainsSameWhenNotFull
Command: "/mnt/c/Users/suman/Desktop/DS_Library/build/DynamicArrayTesting" "--gtest_filter=DynamicArrayPushBackTest.CapacityRemainsSameWhenNotFull" "--gtest_also_run_disabled_tests"
Directory: /mnt/c/Users/suman/Desktop/DS_Library/build
"DynamicArrayPushBackTest.CapacityRemainsSameWhenNotFull" start time: Jul 14 20:04 UTC
Output:
----------------------------------------------------------
Running main() from ./googletest/src/gtest_main.cc
Note: Google Test filter = DynamicArrayPushBackTest.CapacityRemainsSameWhenNotFull
[==========] Running 1 test from 1 test suite.
[----------] Global test environment set-up.
[----------] 1 test from DynamicArrayPushBackTest
[ RUN      ] DynamicArrayPushBackTest.CapacityRemainsSameWhenNotFull
[       OK ] DynamicArrayPushBackTest.CapacityRemainsSameWhenNotFull (0 ms)
[----------] 1 test from DynamicArrayPushBackTest (0 ms total)

[----------] Global test environment tear-down
[==========] 1 test from 1 test suite ran. (0 ms total)
[  PASSED  ] 1 test.
<end of output>
Test time =   0.01 sec
----------------------------------------------------------
Test Passed.
"DynamicArrayPushBackTest.CapacityRemainsSameWhenNotFull" end time: Jul 14 20:04 UTC
"DynamicArrayPushBackTest.CapacityRemainsSameWhenNotFull" time elapsed: 00:00:00
----------------------------------------------------------

21/216 Testing: DynamicArrayPushBackTest.CapacityDoublesFromOneToTwo
21/216 Test: DynamicArrayPushBackTest.CapacityDoublesFromOneToTwo
Command: "/mnt/c/Users/suman/Desktop/DS_Library/build/DynamicArrayTesting" "--gtest_filter=DynamicArrayPushBackTest.CapacityDoublesFromOneToTwo" "--gtest_also_run_disabled_tests"
Directory: /mnt/c/Users/suman/Desktop/DS_Library/build
"DynamicArrayPushBackTest.CapacityDoublesFromOneToTwo" start time: Jul 14 20:04 UTC
Output:
----------------------------------------------------------
Running main() from ./googletest/src/gtest_main.cc
Note: Google Test filter = DynamicArrayPushBackTest.CapacityDoublesFromOneToTwo
[==========] Running 1 test from 1 test suite.
[----------] Global test environment set-up.
[----------] 1 test from DynamicArrayPushBackTest
[ RUN      ] DynamicArrayPushBackTest.CapacityDoublesFromOneToTwo
[       OK ] DynamicArrayPushBackTest.CapacityDoublesFromOneToTwo (0 ms)
[----------] 1 test from DynamicArrayPushBackTest (0 ms total)

[----------] Global test environment tear-down
[==========] 1 test from 1 test suite ran. (0 ms total)
[  PASSED  ] 1 test.
<end of output>
Test time =   0.01 sec
----------------------------------------------------------
Test Passed.
"DynamicArrayPushBackTest.CapacityDoublesFromOneToTwo" end time: Jul 14 20:04 UTC
"DynamicArrayPushBackTest.CapacityDoublesFromOneToTwo" time elapsed: 00:00:00
----------------------------------------------------------

22/216 Testing: DynamicArrayPushBackTest.CapacityDoublesFromTwoToFour
22/216 Test: DynamicArrayPushBackTest.CapacityDoublesFromTwoToFour
Command: "/mnt/c/Users/suman/Desktop/DS_Library/build/DynamicArrayTesting" "--gtest_filter=DynamicArrayPushBackTest.CapacityDoublesFromTwoToFour" "--gtest_also_run_disabled_tests"
Directory: /mnt/c/Users/suman/Desktop/DS_Library/build
"DynamicArrayPushBackTest.CapacityDoublesFromTwoToFour" start time: Jul 14 20:04 UTC
Output:
----------------------------------------------------------
Running main() from ./googletest/src/gtest_main.cc
Note: Google Test filter = DynamicArrayPushBackTest.CapacityDoublesFromTwoToFour
[==========] Running 1 test from 1 test suite.
[----------] Global test environment set-up.
[----------] 1 test from DynamicArrayPushBackTest
[ RUN      ] DynamicArrayPushBackTest.CapacityDoublesFromTwoToFour
[       OK ] DynamicArrayPushBackTest.CapacityDoublesFromTwoToFour (0 ms)
[----------] 1 test from DynamicArrayPushBackTest (0 ms total)

[----------] Global test environment tear-down
[==========] 1 test from 1 test suite ran. (0 ms total)
[  PASSED  ] 1 test.
<end of output>
Test time =   0.01 sec
----------------------------------------------------------
Test Passed.
"DynamicArrayPushBackTest.CapacityDoublesFromTwoToFour" end time: Jul 14 20:04 UTC
"DynamicArrayPushBackTest.CapacityDoublesFromTwoToFour" time elapsed: 00:00:00
----------------------------------------------------------

23/216 Testing: DynamicArrayPushBackTest.CapacityDoublesFromFourToEight
23/216 Test: DynamicArrayPushBackTest.CapacityDoublesFromFourToEight
Command: "/mnt/c/Users/suman/Desktop/DS_Library/build/DynamicArrayTesting" "--gtest_filter=DynamicArrayPushBackTest.CapacityDoublesFromFourToEight" "--gtest_also_run_disabled_tests"
Directory: /mnt/c/Users/suman/Desktop/DS_Library/build
"DynamicArrayPushBackTest.CapacityDoublesFromFourToEight" start time: Jul 14 20:04 UTC
Output:
----------------------------------------------------------
Running main() from ./googletest/src/gtest_main.cc
Note: Google Test filter = DynamicArrayPushBackTest.CapacityDoublesFromFourToEight
[==========] Running 1 test from 1 test suite.
[----------] Global test environment set-up.
[----------] 1 test from DynamicArrayPushBackTest
[ RUN      ] DynamicArrayPushBackTest.CapacityDoublesFromFourToEight
[       OK ] DynamicArrayPushBackTest.CapacityDoublesFromFourToEight (0 ms)
[----------] 1 test from DynamicArrayPushBackTest (0 ms total)

[----------] Global test environment tear-down
[==========] 1 test from 1 test suite ran. (0 ms total)
[  PASSED  ] 1 test.
<end of output>
Test time =   0.01 sec
----------------------------------------------------------
Test Passed.
"DynamicArrayPushBackTest.CapacityDoublesFromFourToEight" end time: Jul 14 20:05 UTC
"DynamicArrayPushBackTest.CapacityDoublesFromFourToEight" time elapsed: 00:00:00
----------------------------------------------------------

24/216 Testing: DynamicArrayPushBackTest.CapacityGrowsCorrectlyForManyInsertions
24/216 Test: DynamicArrayPushBackTest.CapacityGrowsCorrectlyForManyInsertions
Command: "/mnt/c/Users/suman/Desktop/DS_Library/build/DynamicArrayTesting" "--gtest_filter=DynamicArrayPushBackTest.CapacityGrowsCorrectlyForManyInsertions" "--gtest_also_run_disabled_tests"
Directory: /mnt/c/Users/suman/Desktop/DS_Library/build
"DynamicArrayPushBackTest.CapacityGrowsCorrectlyForManyInsertions" start time: Jul 14 20:05 UTC
Output:
----------------------------------------------------------
Running main() from ./googletest/src/gtest_main.cc
Note: Google Test filter = DynamicArrayPushBackTest.CapacityGrowsCorrectlyForManyInsertions
[==========] Running 1 test from 1 test suite.
[----------] Global test environment set-up.
[----------] 1 test from DynamicArrayPushBackTest
[ RUN      ] DynamicArrayPushBackTest.CapacityGrowsCorrectlyForManyInsertions
[       OK ] DynamicArrayPushBackTest.CapacityGrowsCorrectlyForManyInsertions (0 ms)
[----------] 1 test from DynamicArrayPushBackTest (0 ms total)

[----------] Global test environment tear-down
[==========] 1 test from 1 test suite ran. (0 ms total)
[  PASSED  ] 1 test.
<end of output>
Test time =   0.02 sec
----------------------------------------------------------
Test Passed.
"DynamicArrayPushBackTest.CapacityGrowsCorrectlyForManyInsertions" end time: Jul 14 20:05 UTC
"DynamicArrayPushBackTest.CapacityGrowsCorrectlyForManyInsertions" time elapsed: 00:00:00
----------------------------------------------------------

25/216 Testing: DynamicArrayPushBackTest.ElementsRemainInInsertionOrder
25/216 Test: DynamicArrayPushBackTest.ElementsRemainInInsertionOrder
Command: "/mnt/c/Users/suman/Desktop/DS_Library/build/DynamicArrayTesting" "--gtest_filter=DynamicArrayPushBackTest.ElementsRemainInInsertionOrder" "--gtest_also_run_disabled_tests"
Directory: /mnt/c/Users/suman/Desktop/DS_Library/build
"DynamicArrayPushBackTest.ElementsRemainInInsertionOrder" start time: Jul 14 20:05 UTC
Output:
----------------------------------------------------------
Running main() from ./googletest/src/gtest_main.cc
Note: Google Test filter = DynamicArrayPushBackTest.ElementsRemainInInsertionOrder
[==========] Running 1 test from 1 test suite.
[----------] Global test environment set-up.
[----------] 1 test from DynamicArrayPushBackTest
[ RUN      ] DynamicArrayPushBackTest.ElementsRemainInInsertionOrder
[       OK ] DynamicArrayPushBackTest.ElementsRemainInInsertionOrder (0 ms)
[----------] 1 test from DynamicArrayPushBackTest (0 ms total)

[----------] Global test environment tear-down
[==========] 1 test from 1 test suite ran. (1 ms total)
[  PASSED  ] 1 test.
<end of output>
Test time =   0.02 sec
----------------------------------------------------------
Test Passed.
"DynamicArrayPushBackTest.ElementsRemainInInsertionOrder" end time: Jul 14 20:05 UTC
"DynamicArrayPushBackTest.ElementsRemainInInsertionOrder" time elapsed: 00:00:00
----------------------------------------------------------

26/216 Testing: DynamicArrayPushBackTest.ExistingElementsRemainAfterResize
26/216 Test: DynamicArrayPushBackTest.ExistingElementsRemainAfterResize
Command: "/mnt/c/Users/suman/Desktop/DS_Library/build/DynamicArrayTesting" "--gtest_filter=DynamicArrayPushBackTest.ExistingElementsRemainAfterResize" "--gtest_also_run_disabled_tests"
Directory: /mnt/c/Users/suman/Desktop/DS_Library/build
"DynamicArrayPushBackTest.ExistingElementsRemainAfterResize" start time: Jul 14 20:05 UTC
Output:
----------------------------------------------------------
Running main() from ./googletest/src/gtest_main.cc
Note: Google Test filter = DynamicArrayPushBackTest.ExistingElementsRemainAfterResize
[==========] Running 1 test from 1 test suite.
[----------] Global test environment set-up.
[----------] 1 test from DynamicArrayPushBackTest
[ RUN      ] DynamicArrayPushBackTest.ExistingElementsRemainAfterResize
[       OK ] DynamicArrayPushBackTest.ExistingElementsRemainAfterResize (0 ms)
[----------] 1 test from DynamicArrayPushBackTest (0 ms total)

[----------] Global test environment tear-down
[==========] 1 test from 1 test suite ran. (0 ms total)
[  PASSED  ] 1 test.
<end of output>
Test time =   0.01 sec
----------------------------------------------------------
Test Passed.
"DynamicArrayPushBackTest.ExistingElementsRemainAfterResize" end time: Jul 14 20:05 UTC
"DynamicArrayPushBackTest.ExistingElementsRemainAfterResize" time elapsed: 00:00:00
----------------------------------------------------------

27/216 Testing: DynamicArrayPushBackTest.MultipleResizesPreserveData
27/216 Test: DynamicArrayPushBackTest.MultipleResizesPreserveData
Command: "/mnt/c/Users/suman/Desktop/DS_Library/build/DynamicArrayTesting" "--gtest_filter=DynamicArrayPushBackTest.MultipleResizesPreserveData" "--gtest_also_run_disabled_tests"
Directory: /mnt/c/Users/suman/Desktop/DS_Library/build
"DynamicArrayPushBackTest.MultipleResizesPreserveData" start time: Jul 14 20:05 UTC
Output:
----------------------------------------------------------
Running main() from ./googletest/src/gtest_main.cc
Note: Google Test filter = DynamicArrayPushBackTest.MultipleResizesPreserveData
[==========] Running 1 test from 1 test suite.
[----------] Global test environment set-up.
[----------] 1 test from DynamicArrayPushBackTest
[ RUN      ] DynamicArrayPushBackTest.MultipleResizesPreserveData
[       OK ] DynamicArrayPushBackTest.MultipleResizesPreserveData (0 ms)
[----------] 1 test from DynamicArrayPushBackTest (0 ms total)

[----------] Global test environment tear-down
[==========] 1 test from 1 test suite ran. (0 ms total)
[  PASSED  ] 1 test.
<end of output>
Test time =   0.01 sec
----------------------------------------------------------
Test Passed.
"DynamicArrayPushBackTest.MultipleResizesPreserveData" end time: Jul 14 20:05 UTC
"DynamicArrayPushBackTest.MultipleResizesPreserveData" time elapsed: 00:00:00
----------------------------------------------------------

28/216 Testing: DynamicArrayPushBackTest.PushBackString
28/216 Test: DynamicArrayPushBackTest.PushBackString
Command: "/mnt/c/Users/suman/Desktop/DS_Library/build/DynamicArrayTesting" "--gtest_filter=DynamicArrayPushBackTest.PushBackString" "--gtest_also_run_disabled_tests"
Directory: /mnt/c/Users/suman/Desktop/DS_Library/build
"DynamicArrayPushBackTest.PushBackString" start time: Jul 14 20:05 UTC
Output:
----------------------------------------------------------
Running main() from ./googletest/src/gtest_main.cc
Note: Google Test filter = DynamicArrayPushBackTest.PushBackString
[==========] Running 1 test from 1 test suite.
[----------] Global test environment set-up.
[----------] 1 test from DynamicArrayPushBackTest
[ RUN      ] DynamicArrayPushBackTest.PushBackString
[       OK ] DynamicArrayPushBackTest.PushBackString (0 ms)
[----------] 1 test from DynamicArrayPushBackTest (0 ms total)

[----------] Global test environment tear-down
[==========] 1 test from 1 test suite ran. (0 ms total)
[  PASSED  ] 1 test.
<end of output>
Test time =   0.01 sec
----------------------------------------------------------
Test Passed.
"DynamicArrayPushBackTest.PushBackString" end time: Jul 14 20:05 UTC
"DynamicArrayPushBackTest.PushBackString" time elapsed: 00:00:00
----------------------------------------------------------

29/216 Testing: DynamicArrayPushBackTest.PushBackCharacter
29/216 Test: DynamicArrayPushBackTest.PushBackCharacter
Command: "/mnt/c/Users/suman/Desktop/DS_Library/build/DynamicArrayTesting" "--gtest_filter=DynamicArrayPushBackTest.PushBackCharacter" "--gtest_also_run_disabled_tests"
Directory: /mnt/c/Users/suman/Desktop/DS_Library/build
"DynamicArrayPushBackTest.PushBackCharacter" start time: Jul 14 20:05 UTC
Output:
----------------------------------------------------------
Running main() from ./googletest/src/gtest_main.cc
Note: Google Test filter = DynamicArrayPushBackTest.PushBackCharacter
[==========] Running 1 test from 1 test suite.
[----------] Global test environment set-up.
[----------] 1 test from DynamicArrayPushBackTest
[ RUN      ] DynamicArrayPushBackTest.PushBackCharacter
[       OK ] DynamicArrayPushBackTest.PushBackCharacter (0 ms)
[----------] 1 test from DynamicArrayPushBackTest (0 ms total)

[----------] Global test environment tear-down
[==========] 1 test from 1 test suite ran. (0 ms total)
[  PASSED  ] 1 test.
<end of output>
Test time =   0.01 sec
----------------------------------------------------------
Test Passed.
"DynamicArrayPushBackTest.PushBackCharacter" end time: Jul 14 20:05 UTC
"DynamicArrayPushBackTest.PushBackCharacter" time elapsed: 00:00:00
----------------------------------------------------------

30/216 Testing: DynamicArrayPushBackTest.PushBackDouble
30/216 Test: DynamicArrayPushBackTest.PushBackDouble
Command: "/mnt/c/Users/suman/Desktop/DS_Library/build/DynamicArrayTesting" "--gtest_filter=DynamicArrayPushBackTest.PushBackDouble" "--gtest_also_run_disabled_tests"
Directory: /mnt/c/Users/suman/Desktop/DS_Library/build
"DynamicArrayPushBackTest.PushBackDouble" start time: Jul 14 20:05 UTC
Output:
----------------------------------------------------------
Running main() from ./googletest/src/gtest_main.cc
Note: Google Test filter = DynamicArrayPushBackTest.PushBackDouble
[==========] Running 1 test from 1 test suite.
[----------] Global test environment set-up.
[----------] 1 test from DynamicArrayPushBackTest
[ RUN      ] DynamicArrayPushBackTest.PushBackDouble
[       OK ] DynamicArrayPushBackTest.PushBackDouble (0 ms)
[----------] 1 test from DynamicArrayPushBackTest (0 ms total)

[----------] Global test environment tear-down
[==========] 1 test from 1 test suite ran. (0 ms total)
[  PASSED  ] 1 test.
<end of output>
Test time =   0.01 sec
----------------------------------------------------------
Test Passed.
"DynamicArrayPushBackTest.PushBackDouble" end time: Jul 14 20:05 UTC
"DynamicArrayPushBackTest.PushBackDouble" time elapsed: 00:00:00
----------------------------------------------------------

31/216 Testing: DynamicArrayPushBackTest.ArrayIsNotEmptyAfterInsertion
31/216 Test: DynamicArrayPushBackTest.ArrayIsNotEmptyAfterInsertion
Command: "/mnt/c/Users/suman/Desktop/DS_Library/build/DynamicArrayTesting" "--gtest_filter=DynamicArrayPushBackTest.ArrayIsNotEmptyAfterInsertion" "--gtest_also_run_disabled_tests"
Directory: /mnt/c/Users/suman/Desktop/DS_Library/build
"DynamicArrayPushBackTest.ArrayIsNotEmptyAfterInsertion" start time: Jul 14 20:05 UTC
Output:
----------------------------------------------------------
Running main() from ./googletest/src/gtest_main.cc
Note: Google Test filter = DynamicArrayPushBackTest.ArrayIsNotEmptyAfterInsertion
[==========] Running 1 test from 1 test suite.
[----------] Global test environment set-up.
[----------] 1 test from DynamicArrayPushBackTest
[ RUN      ] DynamicArrayPushBackTest.ArrayIsNotEmptyAfterInsertion
[       OK ] DynamicArrayPushBackTest.ArrayIsNotEmptyAfterInsertion (0 ms)
[----------] 1 test from DynamicArrayPushBackTest (0 ms total)

[----------] Global test environment tear-down
[==========] 1 test from 1 test suite ran. (0 ms total)
[  PASSED  ] 1 test.
<end of output>
Test time =   0.01 sec
----------------------------------------------------------
Test Passed.
"DynamicArrayPushBackTest.ArrayIsNotEmptyAfterInsertion" end time: Jul 14 20:05 UTC
"DynamicArrayPushBackTest.ArrayIsNotEmptyAfterInsertion" time elapsed: 00:00:00
----------------------------------------------------------

32/216 Testing: DynamicArrayPushBackTest.ArrayBecomesFullAfterFirstInsertion
32/216 Test: DynamicArrayPushBackTest.ArrayBecomesFullAfterFirstInsertion
Command: "/mnt/c/Users/suman/Desktop/DS_Library/build/DynamicArrayTesting" "--gtest_filter=DynamicArrayPushBackTest.ArrayBecomesFullAfterFirstInsertion" "--gtest_also_run_disabled_tests"
Directory: /mnt/c/Users/suman/Desktop/DS_Library/build
"DynamicArrayPushBackTest.ArrayBecomesFullAfterFirstInsertion" start time: Jul 14 20:05 UTC
Output:
----------------------------------------------------------
Running main() from ./googletest/src/gtest_main.cc
Note: Google Test filter = DynamicArrayPushBackTest.ArrayBecomesFullAfterFirstInsertion
[==========] Running 1 test from 1 test suite.
[----------] Global test environment set-up.
[----------] 1 test from DynamicArrayPushBackTest
[ RUN      ] DynamicArrayPushBackTest.ArrayBecomesFullAfterFirstInsertion
[       OK ] DynamicArrayPushBackTest.ArrayBecomesFullAfterFirstInsertion (0 ms)
[----------] 1 test from DynamicArrayPushBackTest (0 ms total)

[----------] Global test environment tear-down
[==========] 1 test from 1 test suite ran. (0 ms total)
[  PASSED  ] 1 test.
<end of output>
Test time =   0.01 sec
----------------------------------------------------------
Test Passed.
"DynamicArrayPushBackTest.ArrayBecomesFullAfterFirstInsertion" end time: Jul 14 20:05 UTC
"DynamicArrayPushBackTest.ArrayBecomesFullAfterFirstInsertion" time elapsed: 00:00:00
----------------------------------------------------------

33/216 Testing: DynamicArrayPushBackTest.ArrayRemainsFullAfterAutomaticResize
33/216 Test: DynamicArrayPushBackTest.ArrayRemainsFullAfterAutomaticResize
Command: "/mnt/c/Users/suman/Desktop/DS_Library/build/DynamicArrayTesting" "--gtest_filter=DynamicArrayPushBackTest.ArrayRemainsFullAfterAutomaticResize" "--gtest_also_run_disabled_tests"
Directory: /mnt/c/Users/suman/Desktop/DS_Library/build
"DynamicArrayPushBackTest.ArrayRemainsFullAfterAutomaticResize" start time: Jul 14 20:05 UTC
Output:
----------------------------------------------------------
Running main() from ./googletest/src/gtest_main.cc
Note: Google Test filter = DynamicArrayPushBackTest.ArrayRemainsFullAfterAutomaticResize
[==========] Running 1 test from 1 test suite.
[----------] Global test environment set-up.
[----------] 1 test from DynamicArrayPushBackTest
[ RUN      ] DynamicArrayPushBackTest.ArrayRemainsFullAfterAutomaticResize
[       OK ] DynamicArrayPushBackTest.ArrayRemainsFullAfterAutomaticResize (0 ms)
[----------] 1 test from DynamicArrayPushBackTest (0 ms total)

[----------] Global test environment tear-down
[==========] 1 test from 1 test suite ran. (0 ms total)
[  PASSED  ] 1 test.
<end of output>
Test time =   0.01 sec
----------------------------------------------------------
Test Passed.
"DynamicArrayPushBackTest.ArrayRemainsFullAfterAutomaticResize" end time: Jul 14 20:05 UTC
"DynamicArrayPushBackTest.ArrayRemainsFullAfterAutomaticResize" time elapsed: 00:00:00
----------------------------------------------------------

34/216 Testing: DynamicArrayPushBackTest.PushBackIntegerLimits
34/216 Test: DynamicArrayPushBackTest.PushBackIntegerLimits
Command: "/mnt/c/Users/suman/Desktop/DS_Library/build/DynamicArrayTesting" "--gtest_filter=DynamicArrayPushBackTest.PushBackIntegerLimits" "--gtest_also_run_disabled_tests"
Directory: /mnt/c/Users/suman/Desktop/DS_Library/build
"DynamicArrayPushBackTest.PushBackIntegerLimits" start time: Jul 14 20:05 UTC
Output:
----------------------------------------------------------
Running main() from ./googletest/src/gtest_main.cc
Note: Google Test filter = DynamicArrayPushBackTest.PushBackIntegerLimits
[==========] Running 1 test from 1 test suite.
[----------] Global test environment set-up.
[----------] 1 test from DynamicArrayPushBackTest
[ RUN      ] DynamicArrayPushBackTest.PushBackIntegerLimits
[       OK ] DynamicArrayPushBackTest.PushBackIntegerLimits (0 ms)
[----------] 1 test from DynamicArrayPushBackTest (0 ms total)

[----------] Global test environment tear-down
[==========] 1 test from 1 test suite ran. (0 ms total)
[  PASSED  ] 1 test.
<end of output>
Test time =   0.01 sec
----------------------------------------------------------
Test Passed.
"DynamicArrayPushBackTest.PushBackIntegerLimits" end time: Jul 14 20:05 UTC
"DynamicArrayPushBackTest.PushBackIntegerLimits" time elapsed: 00:00:00
----------------------------------------------------------

35/216 Testing: DynamicArrayPushBackTest.PushBackDuplicateValues
35/216 Test: DynamicArrayPushBackTest.PushBackDuplicateValues
Command: "/mnt/c/Users/suman/Desktop/DS_Library/build/DynamicArrayTesting" "--gtest_filter=DynamicArrayPushBackTest.PushBackDuplicateValues" "--gtest_also_run_disabled_tests"
Directory: /mnt/c/Users/suman/Desktop/DS_Library/build
"DynamicArrayPushBackTest.PushBackDuplicateValues" start time: Jul 14 20:05 UTC
Output:
----------------------------------------------------------
Running main() from ./googletest/src/gtest_main.cc
Note: Google Test filter = DynamicArrayPushBackTest.PushBackDuplicateValues
[==========] Running 1 test from 1 test suite.
[----------] Global test environment set-up.
[----------] 1 test from DynamicArrayPushBackTest
[ RUN      ] DynamicArrayPushBackTest.PushBackDuplicateValues
[       OK ] DynamicArrayPushBackTest.PushBackDuplicateValues (0 ms)
[----------] 1 test from DynamicArrayPushBackTest (0 ms total)

[----------] Global test environment tear-down
[==========] 1 test from 1 test suite ran. (5 ms total)
[  PASSED  ] 1 test.
<end of output>
Test time =   0.01 sec
----------------------------------------------------------
Test Passed.
"DynamicArrayPushBackTest.PushBackDuplicateValues" end time: Jul 14 20:05 UTC
"DynamicArrayPushBackTest.PushBackDuplicateValues" time elapsed: 00:00:00
----------------------------------------------------------

36/216 Testing: DynamicArrayPushBackTest.PushBackNegativeValues
36/216 Test: DynamicArrayPushBackTest.PushBackNegativeValues
Command: "/mnt/c/Users/suman/Desktop/DS_Library/build/DynamicArrayTesting" "--gtest_filter=DynamicArrayPushBackTest.PushBackNegativeValues" "--gtest_also_run_disabled_tests"
Directory: /mnt/c/Users/suman/Desktop/DS_Library/build
"DynamicArrayPushBackTest.PushBackNegativeValues" start time: Jul 14 20:05 UTC
Output:
----------------------------------------------------------
Running main() from ./googletest/src/gtest_main.cc
Note: Google Test filter = DynamicArrayPushBackTest.PushBackNegativeValues
[==========] Running 1 test from 1 test suite.
[----------] Global test environment set-up.
[----------] 1 test from DynamicArrayPushBackTest
[ RUN      ] DynamicArrayPushBackTest.PushBackNegativeValues
[       OK ] DynamicArrayPushBackTest.PushBackNegativeValues (0 ms)
[----------] 1 test from DynamicArrayPushBackTest (0 ms total)

[----------] Global test environment tear-down
[==========] 1 test from 1 test suite ran. (0 ms total)
[  PASSED  ] 1 test.
<end of output>
Test time =   0.01 sec
----------------------------------------------------------
Test Passed.
"DynamicArrayPushBackTest.PushBackNegativeValues" end time: Jul 14 20:05 UTC
"DynamicArrayPushBackTest.PushBackNegativeValues" time elapsed: 00:00:00
----------------------------------------------------------

37/216 Testing: DynamicArrayPopBackTest.PopSingleElement
37/216 Test: DynamicArrayPopBackTest.PopSingleElement
Command: "/mnt/c/Users/suman/Desktop/DS_Library/build/DynamicArrayTesting" "--gtest_filter=DynamicArrayPopBackTest.PopSingleElement" "--gtest_also_run_disabled_tests"
Directory: /mnt/c/Users/suman/Desktop/DS_Library/build
"DynamicArrayPopBackTest.PopSingleElement" start time: Jul 14 20:05 UTC
Output:
----------------------------------------------------------
Running main() from ./googletest/src/gtest_main.cc
Note: Google Test filter = DynamicArrayPopBackTest.PopSingleElement
[==========] Running 1 test from 1 test suite.
[----------] Global test environment set-up.
[----------] 1 test from DynamicArrayPopBackTest
[ RUN      ] DynamicArrayPopBackTest.PopSingleElement
[       OK ] DynamicArrayPopBackTest.PopSingleElement (0 ms)
[----------] 1 test from DynamicArrayPopBackTest (0 ms total)

[----------] Global test environment tear-down
[==========] 1 test from 1 test suite ran. (0 ms total)
[  PASSED  ] 1 test.
<end of output>
Test time =   0.01 sec
----------------------------------------------------------
Test Passed.
"DynamicArrayPopBackTest.PopSingleElement" end time: Jul 14 20:05 UTC
"DynamicArrayPopBackTest.PopSingleElement" time elapsed: 00:00:00
----------------------------------------------------------

38/216 Testing: DynamicArrayPopBackTest.PopLastElementFromMultipleElements
38/216 Test: DynamicArrayPopBackTest.PopLastElementFromMultipleElements
Command: "/mnt/c/Users/suman/Desktop/DS_Library/build/DynamicArrayTesting" "--gtest_filter=DynamicArrayPopBackTest.PopLastElementFromMultipleElements" "--gtest_also_run_disabled_tests"
Directory: /mnt/c/Users/suman/Desktop/DS_Library/build
"DynamicArrayPopBackTest.PopLastElementFromMultipleElements" start time: Jul 14 20:05 UTC
Output:
----------------------------------------------------------
Running main() from ./googletest/src/gtest_main.cc
Note: Google Test filter = DynamicArrayPopBackTest.PopLastElementFromMultipleElements
[==========] Running 1 test from 1 test suite.
[----------] Global test environment set-up.
[----------] 1 test from DynamicArrayPopBackTest
[ RUN      ] DynamicArrayPopBackTest.PopLastElementFromMultipleElements
[       OK ] DynamicArrayPopBackTest.PopLastElementFromMultipleElements (0 ms)
[----------] 1 test from DynamicArrayPopBackTest (0 ms total)

[----------] Global test environment tear-down
[==========] 1 test from 1 test suite ran. (0 ms total)
[  PASSED  ] 1 test.
<end of output>
Test time =   0.02 sec
----------------------------------------------------------
Test Passed.
"DynamicArrayPopBackTest.PopLastElementFromMultipleElements" end time: Jul 14 20:05 UTC
"DynamicArrayPopBackTest.PopLastElementFromMultipleElements" time elapsed: 00:00:00
----------------------------------------------------------

39/216 Testing: DynamicArrayPopBackTest.PopElementsOneByOne
39/216 Test: DynamicArrayPopBackTest.PopElementsOneByOne
Command: "/mnt/c/Users/suman/Desktop/DS_Library/build/DynamicArrayTesting" "--gtest_filter=DynamicArrayPopBackTest.PopElementsOneByOne" "--gtest_also_run_disabled_tests"
Directory: /mnt/c/Users/suman/Desktop/DS_Library/build
"DynamicArrayPopBackTest.PopElementsOneByOne" start time: Jul 14 20:05 UTC
Output:
----------------------------------------------------------
Running main() from ./googletest/src/gtest_main.cc
Note: Google Test filter = DynamicArrayPopBackTest.PopElementsOneByOne
[==========] Running 1 test from 1 test suite.
[----------] Global test environment set-up.
[----------] 1 test from DynamicArrayPopBackTest
[ RUN      ] DynamicArrayPopBackTest.PopElementsOneByOne
[       OK ] DynamicArrayPopBackTest.PopElementsOneByOne (0 ms)
[----------] 1 test from DynamicArrayPopBackTest (0 ms total)

[----------] Global test environment tear-down
[==========] 1 test from 1 test suite ran. (0 ms total)
[  PASSED  ] 1 test.
<end of output>
Test time =   0.02 sec
----------------------------------------------------------
Test Passed.
"DynamicArrayPopBackTest.PopElementsOneByOne" end time: Jul 14 20:05 UTC
"DynamicArrayPopBackTest.PopElementsOneByOne" time elapsed: 00:00:00
----------------------------------------------------------

40/216 Testing: DynamicArrayPopBackTest.PopUntilEmpty
40/216 Test: DynamicArrayPopBackTest.PopUntilEmpty
Command: "/mnt/c/Users/suman/Desktop/DS_Library/build/DynamicArrayTesting" "--gtest_filter=DynamicArrayPopBackTest.PopUntilEmpty" "--gtest_also_run_disabled_tests"
Directory: /mnt/c/Users/suman/Desktop/DS_Library/build
"DynamicArrayPopBackTest.PopUntilEmpty" start time: Jul 14 20:05 UTC
Output:
----------------------------------------------------------
Running main() from ./googletest/src/gtest_main.cc
Note: Google Test filter = DynamicArrayPopBackTest.PopUntilEmpty
[==========] Running 1 test from 1 test suite.
[----------] Global test environment set-up.
[----------] 1 test from DynamicArrayPopBackTest
[ RUN      ] DynamicArrayPopBackTest.PopUntilEmpty
[       OK ] DynamicArrayPopBackTest.PopUntilEmpty (0 ms)
[----------] 1 test from DynamicArrayPopBackTest (0 ms total)

[----------] Global test environment tear-down
[==========] 1 test from 1 test suite ran. (0 ms total)
[  PASSED  ] 1 test.
<end of output>
Test time =   0.01 sec
----------------------------------------------------------
Test Passed.
"DynamicArrayPopBackTest.PopUntilEmpty" end time: Jul 14 20:05 UTC
"DynamicArrayPopBackTest.PopUntilEmpty" time elapsed: 00:00:00
----------------------------------------------------------

41/216 Testing: DynamicArrayPopBackTest.PopFromEmptyArrayThrows
41/216 Test: DynamicArrayPopBackTest.PopFromEmptyArrayThrows
Command: "/mnt/c/Users/suman/Desktop/DS_Library/build/DynamicArrayTesting" "--gtest_filter=DynamicArrayPopBackTest.PopFromEmptyArrayThrows" "--gtest_also_run_disabled_tests"
Directory: /mnt/c/Users/suman/Desktop/DS_Library/build
"DynamicArrayPopBackTest.PopFromEmptyArrayThrows" start time: Jul 14 20:05 UTC
Output:
----------------------------------------------------------
Running main() from ./googletest/src/gtest_main.cc
Note: Google Test filter = DynamicArrayPopBackTest.PopFromEmptyArrayThrows
[==========] Running 1 test from 1 test suite.
[----------] Global test environment set-up.
[----------] 1 test from DynamicArrayPopBackTest
[ RUN      ] DynamicArrayPopBackTest.PopFromEmptyArrayThrows
[       OK ] DynamicArrayPopBackTest.PopFromEmptyArrayThrows (0 ms)
[----------] 1 test from DynamicArrayPopBackTest (0 ms total)

[----------] Global test environment tear-down
[==========] 1 test from 1 test suite ran. (0 ms total)
[  PASSED  ] 1 test.
<end of output>
Test time =   0.01 sec
----------------------------------------------------------
Test Passed.
"DynamicArrayPopBackTest.PopFromEmptyArrayThrows" end time: Jul 14 20:05 UTC
"DynamicArrayPopBackTest.PopFromEmptyArrayThrows" time elapsed: 00:00:00
----------------------------------------------------------

42/216 Testing: DynamicArrayPopBackTest.SizeDecreasesByOne
42/216 Test: DynamicArrayPopBackTest.SizeDecreasesByOne
Command: "/mnt/c/Users/suman/Desktop/DS_Library/build/DynamicArrayTesting" "--gtest_filter=DynamicArrayPopBackTest.SizeDecreasesByOne" "--gtest_also_run_disabled_tests"
Directory: /mnt/c/Users/suman/Desktop/DS_Library/build
"DynamicArrayPopBackTest.SizeDecreasesByOne" start time: Jul 14 20:05 UTC
Output:
----------------------------------------------------------
Running main() from ./googletest/src/gtest_main.cc
Note: Google Test filter = DynamicArrayPopBackTest.SizeDecreasesByOne
[==========] Running 1 test from 1 test suite.
[----------] Global test environment set-up.
[----------] 1 test from DynamicArrayPopBackTest
[ RUN      ] DynamicArrayPopBackTest.SizeDecreasesByOne
[       OK ] DynamicArrayPopBackTest.SizeDecreasesByOne (0 ms)
[----------] 1 test from DynamicArrayPopBackTest (0 ms total)

[----------] Global test environment tear-down
[==========] 1 test from 1 test suite ran. (0 ms total)
[  PASSED  ] 1 test.
<end of output>
Test time =   0.01 sec
----------------------------------------------------------
Test Passed.
"DynamicArrayPopBackTest.SizeDecreasesByOne" end time: Jul 14 20:05 UTC
"DynamicArrayPopBackTest.SizeDecreasesByOne" time elapsed: 00:00:00
----------------------------------------------------------

43/216 Testing: DynamicArrayPopBackTest.CapacityDoesNotShrink
43/216 Test: DynamicArrayPopBackTest.CapacityDoesNotShrink
Command: "/mnt/c/Users/suman/Desktop/DS_Library/build/DynamicArrayTesting" "--gtest_filter=DynamicArrayPopBackTest.CapacityDoesNotShrink" "--gtest_also_run_disabled_tests"
Directory: /mnt/c/Users/suman/Desktop/DS_Library/build
"DynamicArrayPopBackTest.CapacityDoesNotShrink" start time: Jul 14 20:05 UTC
Output:
----------------------------------------------------------
Running main() from ./googletest/src/gtest_main.cc
Note: Google Test filter = DynamicArrayPopBackTest.CapacityDoesNotShrink
[==========] Running 1 test from 1 test suite.
[----------] Global test environment set-up.
[----------] 1 test from DynamicArrayPopBackTest
[ RUN      ] DynamicArrayPopBackTest.CapacityDoesNotShrink
[       OK ] DynamicArrayPopBackTest.CapacityDoesNotShrink (0 ms)
[----------] 1 test from DynamicArrayPopBackTest (0 ms total)

[----------] Global test environment tear-down
[==========] 1 test from 1 test suite ran. (0 ms total)
[  PASSED  ] 1 test.
<end of output>
Test time =   0.01 sec
----------------------------------------------------------
Test Passed.
"DynamicArrayPopBackTest.CapacityDoesNotShrink" end time: Jul 14 20:05 UTC
"DynamicArrayPopBackTest.CapacityDoesNotShrink" time elapsed: 00:00:00
----------------------------------------------------------

44/216 Testing: DynamicArrayPopBackTest.PopAfterMultipleResizes
44/216 Test: DynamicArrayPopBackTest.PopAfterMultipleResizes
Command: "/mnt/c/Users/suman/Desktop/DS_Library/build/DynamicArrayTesting" "--gtest_filter=DynamicArrayPopBackTest.PopAfterMultipleResizes" "--gtest_also_run_disabled_tests"
Directory: /mnt/c/Users/suman/Desktop/DS_Library/build
"DynamicArrayPopBackTest.PopAfterMultipleResizes" start time: Jul 14 20:05 UTC
Output:
----------------------------------------------------------
Running main() from ./googletest/src/gtest_main.cc
Note: Google Test filter = DynamicArrayPopBackTest.PopAfterMultipleResizes
[==========] Running 1 test from 1 test suite.
[----------] Global test environment set-up.
[----------] 1 test from DynamicArrayPopBackTest
[ RUN      ] DynamicArrayPopBackTest.PopAfterMultipleResizes
[       OK ] DynamicArrayPopBackTest.PopAfterMultipleResizes (0 ms)
[----------] 1 test from DynamicArrayPopBackTest (0 ms total)

[----------] Global test environment tear-down
[==========] 1 test from 1 test suite ran. (0 ms total)
[  PASSED  ] 1 test.
<end of output>
Test time =   0.01 sec
----------------------------------------------------------
Test Passed.
"DynamicArrayPopBackTest.PopAfterMultipleResizes" end time: Jul 14 20:05 UTC
"DynamicArrayPopBackTest.PopAfterMultipleResizes" time elapsed: 00:00:00
----------------------------------------------------------

45/216 Testing: DynamicArrayPopBackTest.WorksWithString
45/216 Test: DynamicArrayPopBackTest.WorksWithString
Command: "/mnt/c/Users/suman/Desktop/DS_Library/build/DynamicArrayTesting" "--gtest_filter=DynamicArrayPopBackTest.WorksWithString" "--gtest_also_run_disabled_tests"
Directory: /mnt/c/Users/suman/Desktop/DS_Library/build
"DynamicArrayPopBackTest.WorksWithString" start time: Jul 14 20:05 UTC
Output:
----------------------------------------------------------
Running main() from ./googletest/src/gtest_main.cc
Note: Google Test filter = DynamicArrayPopBackTest.WorksWithString
[==========] Running 1 test from 1 test suite.
[----------] Global test environment set-up.
[----------] 1 test from DynamicArrayPopBackTest
[ RUN      ] DynamicArrayPopBackTest.WorksWithString
[       OK ] DynamicArrayPopBackTest.WorksWithString (0 ms)
[----------] 1 test from DynamicArrayPopBackTest (0 ms total)

[----------] Global test environment tear-down
[==========] 1 test from 1 test suite ran. (0 ms total)
[  PASSED  ] 1 test.
<end of output>
Test time =   0.01 sec
----------------------------------------------------------
Test Passed.
"DynamicArrayPopBackTest.WorksWithString" end time: Jul 14 20:05 UTC
"DynamicArrayPopBackTest.WorksWithString" time elapsed: 00:00:00
----------------------------------------------------------

46/216 Testing: DynamicArrayPopBackTest.WorksWithCharacter
46/216 Test: DynamicArrayPopBackTest.WorksWithCharacter
Command: "/mnt/c/Users/suman/Desktop/DS_Library/build/DynamicArrayTesting" "--gtest_filter=DynamicArrayPopBackTest.WorksWithCharacter" "--gtest_also_run_disabled_tests"
Directory: /mnt/c/Users/suman/Desktop/DS_Library/build
"DynamicArrayPopBackTest.WorksWithCharacter" start time: Jul 14 20:05 UTC
Output:
----------------------------------------------------------
Running main() from ./googletest/src/gtest_main.cc
Note: Google Test filter = DynamicArrayPopBackTest.WorksWithCharacter
[==========] Running 1 test from 1 test suite.
[----------] Global test environment set-up.
[----------] 1 test from DynamicArrayPopBackTest
[ RUN      ] DynamicArrayPopBackTest.WorksWithCharacter
[       OK ] DynamicArrayPopBackTest.WorksWithCharacter (0 ms)
[----------] 1 test from DynamicArrayPopBackTest (0 ms total)

[----------] Global test environment tear-down
[==========] 1 test from 1 test suite ran. (0 ms total)
[  PASSED  ] 1 test.
<end of output>
Test time =   0.01 sec
----------------------------------------------------------
Test Passed.
"DynamicArrayPopBackTest.WorksWithCharacter" end time: Jul 14 20:05 UTC
"DynamicArrayPopBackTest.WorksWithCharacter" time elapsed: 00:00:00
----------------------------------------------------------

47/216 Testing: DynamicArrayPopBackTest.PopAllElementsAfterLargeInsertion
47/216 Test: DynamicArrayPopBackTest.PopAllElementsAfterLargeInsertion
Command: "/mnt/c/Users/suman/Desktop/DS_Library/build/DynamicArrayTesting" "--gtest_filter=DynamicArrayPopBackTest.PopAllElementsAfterLargeInsertion" "--gtest_also_run_disabled_tests"
Directory: /mnt/c/Users/suman/Desktop/DS_Library/build
"DynamicArrayPopBackTest.PopAllElementsAfterLargeInsertion" start time: Jul 14 20:05 UTC
Output:
----------------------------------------------------------
Running main() from ./googletest/src/gtest_main.cc
Note: Google Test filter = DynamicArrayPopBackTest.PopAllElementsAfterLargeInsertion
[==========] Running 1 test from 1 test suite.
[----------] Global test environment set-up.
[----------] 1 test from DynamicArrayPopBackTest
[ RUN      ] DynamicArrayPopBackTest.PopAllElementsAfterLargeInsertion
[       OK ] DynamicArrayPopBackTest.PopAllElementsAfterLargeInsertion (0 ms)
[----------] 1 test from DynamicArrayPopBackTest (0 ms total)

[----------] Global test environment tear-down
[==========] 1 test from 1 test suite ran. (0 ms total)
[  PASSED  ] 1 test.
<end of output>
Test time =   0.01 sec
----------------------------------------------------------
Test Passed.
"DynamicArrayPopBackTest.PopAllElementsAfterLargeInsertion" end time: Jul 14 20:05 UTC
"DynamicArrayPopBackTest.PopAllElementsAfterLargeInsertion" time elapsed: 00:00:00
----------------------------------------------------------

48/216 Testing: DynamicArrayPopBackTest.AlternatePushAndPop
48/216 Test: DynamicArrayPopBackTest.AlternatePushAndPop
Command: "/mnt/c/Users/suman/Desktop/DS_Library/build/DynamicArrayTesting" "--gtest_filter=DynamicArrayPopBackTest.AlternatePushAndPop" "--gtest_also_run_disabled_tests"
Directory: /mnt/c/Users/suman/Desktop/DS_Library/build
"DynamicArrayPopBackTest.AlternatePushAndPop" start time: Jul 14 20:05 UTC
Output:
----------------------------------------------------------
Running main() from ./googletest/src/gtest_main.cc
Note: Google Test filter = DynamicArrayPopBackTest.AlternatePushAndPop
[==========] Running 1 test from 1 test suite.
[----------] Global test environment set-up.
[----------] 1 test from DynamicArrayPopBackTest
[ RUN      ] DynamicArrayPopBackTest.AlternatePushAndPop
[       OK ] DynamicArrayPopBackTest.AlternatePushAndPop (0 ms)
[----------] 1 test from DynamicArrayPopBackTest (0 ms total)

[----------] Global test environment tear-down
[==========] 1 test from 1 test suite ran. (0 ms total)
[  PASSED  ] 1 test.
<end of output>
Test time =   0.01 sec
----------------------------------------------------------
Test Passed.
"DynamicArrayPopBackTest.AlternatePushAndPop" end time: Jul 14 20:05 UTC
"DynamicArrayPopBackTest.AlternatePushAndPop" time elapsed: 00:00:00
----------------------------------------------------------

49/216 Testing: DynamicArrayPopBackTest.LeaveSingleElementAfterMultiplePops
49/216 Test: DynamicArrayPopBackTest.LeaveSingleElementAfterMultiplePops
Command: "/mnt/c/Users/suman/Desktop/DS_Library/build/DynamicArrayTesting" "--gtest_filter=DynamicArrayPopBackTest.LeaveSingleElementAfterMultiplePops" "--gtest_also_run_disabled_tests"
Directory: /mnt/c/Users/suman/Desktop/DS_Library/build
"DynamicArrayPopBackTest.LeaveSingleElementAfterMultiplePops" start time: Jul 14 20:05 UTC
Output:
----------------------------------------------------------
Running main() from ./googletest/src/gtest_main.cc
Note: Google Test filter = DynamicArrayPopBackTest.LeaveSingleElementAfterMultiplePops
[==========] Running 1 test from 1 test suite.
[----------] Global test environment set-up.
[----------] 1 test from DynamicArrayPopBackTest
[ RUN      ] DynamicArrayPopBackTest.LeaveSingleElementAfterMultiplePops
[       OK ] DynamicArrayPopBackTest.LeaveSingleElementAfterMultiplePops (0 ms)
[----------] 1 test from DynamicArrayPopBackTest (0 ms total)

[----------] Global test environment tear-down
[==========] 1 test from 1 test suite ran. (0 ms total)
[  PASSED  ] 1 test.
<end of output>
Test time =   0.01 sec
----------------------------------------------------------
Test Passed.
"DynamicArrayPopBackTest.LeaveSingleElementAfterMultiplePops" end time: Jul 14 20:05 UTC
"DynamicArrayPopBackTest.LeaveSingleElementAfterMultiplePops" time elapsed: 00:00:00
----------------------------------------------------------

50/216 Testing: DynamicArrayDeleteAtIndexTest.DeleteAtDifferentPositions
50/216 Test: DynamicArrayDeleteAtIndexTest.DeleteAtDifferentPositions
Command: "/mnt/c/Users/suman/Desktop/DS_Library/build/DynamicArrayTesting" "--gtest_filter=DynamicArrayDeleteAtIndexTest.DeleteAtDifferentPositions" "--gtest_also_run_disabled_tests"
Directory: /mnt/c/Users/suman/Desktop/DS_Library/build
"DynamicArrayDeleteAtIndexTest.DeleteAtDifferentPositions" start time: Jul 14 20:05 UTC
Output:
----------------------------------------------------------
Running main() from ./googletest/src/gtest_main.cc
Note: Google Test filter = DynamicArrayDeleteAtIndexTest.DeleteAtDifferentPositions
[==========] Running 1 test from 1 test suite.
[----------] Global test environment set-up.
[----------] 1 test from DynamicArrayDeleteAtIndexTest
[ RUN      ] DynamicArrayDeleteAtIndexTest.DeleteAtDifferentPositions
[       OK ] DynamicArrayDeleteAtIndexTest.DeleteAtDifferentPositions (0 ms)
[----------] 1 test from DynamicArrayDeleteAtIndexTest (0 ms total)

[----------] Global test environment tear-down
[==========] 1 test from 1 test suite ran. (0 ms total)
[  PASSED  ] 1 test.
<end of output>
Test time =   0.01 sec
----------------------------------------------------------
Test Passed.
"DynamicArrayDeleteAtIndexTest.DeleteAtDifferentPositions" end time: Jul 14 20:05 UTC
"DynamicArrayDeleteAtIndexTest.DeleteAtDifferentPositions" time elapsed: 00:00:00
----------------------------------------------------------

51/216 Testing: DynamicArrayDeleteAtIndexTest.DeleteUntilEmpty
51/216 Test: DynamicArrayDeleteAtIndexTest.DeleteUntilEmpty
Command: "/mnt/c/Users/suman/Desktop/DS_Library/build/DynamicArrayTesting" "--gtest_filter=DynamicArrayDeleteAtIndexTest.DeleteUntilEmpty" "--gtest_also_run_disabled_tests"
Directory: /mnt/c/Users/suman/Desktop/DS_Library/build
"DynamicArrayDeleteAtIndexTest.DeleteUntilEmpty" start time: Jul 14 20:05 UTC
Output:
----------------------------------------------------------
Running main() from ./googletest/src/gtest_main.cc
Note: Google Test filter = DynamicArrayDeleteAtIndexTest.DeleteUntilEmpty
[==========] Running 1 test from 1 test suite.
[----------] Global test environment set-up.
[----------] 1 test from DynamicArrayDeleteAtIndexTest
[ RUN      ] DynamicArrayDeleteAtIndexTest.DeleteUntilEmpty
[       OK ] DynamicArrayDeleteAtIndexTest.DeleteUntilEmpty (0 ms)
[----------] 1 test from DynamicArrayDeleteAtIndexTest (0 ms total)

[----------] Global test environment tear-down
[==========] 1 test from 1 test suite ran. (0 ms total)
[  PASSED  ] 1 test.
<end of output>
Test time =   0.01 sec
----------------------------------------------------------
Test Passed.
"DynamicArrayDeleteAtIndexTest.DeleteUntilEmpty" end time: Jul 14 20:05 UTC
"DynamicArrayDeleteAtIndexTest.DeleteUntilEmpty" time elapsed: 00:00:00
----------------------------------------------------------

52/216 Testing: DynamicArrayDeleteAtIndexTest.DeleteAfterResize
52/216 Test: DynamicArrayDeleteAtIndexTest.DeleteAfterResize
Command: "/mnt/c/Users/suman/Desktop/DS_Library/build/DynamicArrayTesting" "--gtest_filter=DynamicArrayDeleteAtIndexTest.DeleteAfterResize" "--gtest_also_run_disabled_tests"
Directory: /mnt/c/Users/suman/Desktop/DS_Library/build
"DynamicArrayDeleteAtIndexTest.DeleteAfterResize" start time: Jul 14 20:05 UTC
Output:
----------------------------------------------------------
Running main() from ./googletest/src/gtest_main.cc
Note: Google Test filter = DynamicArrayDeleteAtIndexTest.DeleteAfterResize
[==========] Running 1 test from 1 test suite.
[----------] Global test environment set-up.
[----------] 1 test from DynamicArrayDeleteAtIndexTest
[ RUN      ] DynamicArrayDeleteAtIndexTest.DeleteAfterResize
[       OK ] DynamicArrayDeleteAtIndexTest.DeleteAfterResize (0 ms)
[----------] 1 test from DynamicArrayDeleteAtIndexTest (0 ms total)

[----------] Global test environment tear-down
[==========] 1 test from 1 test suite ran. (0 ms total)
[  PASSED  ] 1 test.
<end of output>
Test time =   0.01 sec
----------------------------------------------------------
Test Passed.
"DynamicArrayDeleteAtIndexTest.DeleteAfterResize" end time: Jul 14 20:05 UTC
"DynamicArrayDeleteAtIndexTest.DeleteAfterResize" time elapsed: 00:00:00
----------------------------------------------------------

53/216 Testing: DynamicArrayDeleteAtIndexTest.InvalidIndicesThrowExceptions
53/216 Test: DynamicArrayDeleteAtIndexTest.InvalidIndicesThrowExceptions
Command: "/mnt/c/Users/suman/Desktop/DS_Library/build/DynamicArrayTesting" "--gtest_filter=DynamicArrayDeleteAtIndexTest.InvalidIndicesThrowExceptions" "--gtest_also_run_disabled_tests"
Directory: /mnt/c/Users/suman/Desktop/DS_Library/build
"DynamicArrayDeleteAtIndexTest.InvalidIndicesThrowExceptions" start time: Jul 14 20:05 UTC
Output:
----------------------------------------------------------
Running main() from ./googletest/src/gtest_main.cc
Note: Google Test filter = DynamicArrayDeleteAtIndexTest.InvalidIndicesThrowExceptions
[==========] Running 1 test from 1 test suite.
[----------] Global test environment set-up.
[----------] 1 test from DynamicArrayDeleteAtIndexTest
[ RUN      ] DynamicArrayDeleteAtIndexTest.InvalidIndicesThrowExceptions
[       OK ] DynamicArrayDeleteAtIndexTest.InvalidIndicesThrowExceptions (0 ms)
[----------] 1 test from DynamicArrayDeleteAtIndexTest (0 ms total)

[----------] Global test environment tear-down
[==========] 1 test from 1 test suite ran. (0 ms total)
[  PASSED  ] 1 test.
<end of output>
Test time =   0.01 sec
----------------------------------------------------------
Test Passed.
"DynamicArrayDeleteAtIndexTest.InvalidIndicesThrowExceptions" end time: Jul 14 20:05 UTC
"DynamicArrayDeleteAtIndexTest.InvalidIndicesThrowExceptions" time elapsed: 00:00:00
----------------------------------------------------------

54/216 Testing: DynamicArrayDeleteAtIndexTest.DeleteDuplicateAndNegativeValues
54/216 Test: DynamicArrayDeleteAtIndexTest.DeleteDuplicateAndNegativeValues
Command: "/mnt/c/Users/suman/Desktop/DS_Library/build/DynamicArrayTesting" "--gtest_filter=DynamicArrayDeleteAtIndexTest.DeleteDuplicateAndNegativeValues" "--gtest_also_run_disabled_tests"
Directory: /mnt/c/Users/suman/Desktop/DS_Library/build
"DynamicArrayDeleteAtIndexTest.DeleteDuplicateAndNegativeValues" start time: Jul 14 20:05 UTC
Output:
----------------------------------------------------------
Running main() from ./googletest/src/gtest_main.cc
Note: Google Test filter = DynamicArrayDeleteAtIndexTest.DeleteDuplicateAndNegativeValues
[==========] Running 1 test from 1 test suite.
[----------] Global test environment set-up.
[----------] 1 test from DynamicArrayDeleteAtIndexTest
[ RUN      ] DynamicArrayDeleteAtIndexTest.DeleteDuplicateAndNegativeValues
[       OK ] DynamicArrayDeleteAtIndexTest.DeleteDuplicateAndNegativeValues (0 ms)
[----------] 1 test from DynamicArrayDeleteAtIndexTest (0 ms total)

[----------] Global test environment tear-down
[==========] 1 test from 1 test suite ran. (0 ms total)
[  PASSED  ] 1 test.
<end of output>
Test time =   0.01 sec
----------------------------------------------------------
Test Passed.
"DynamicArrayDeleteAtIndexTest.DeleteDuplicateAndNegativeValues" end time: Jul 14 20:05 UTC
"DynamicArrayDeleteAtIndexTest.DeleteDuplicateAndNegativeValues" time elapsed: 00:00:00
----------------------------------------------------------

55/216 Testing: DynamicArrayDeleteAtIndexTest.WorksWithString
55/216 Test: DynamicArrayDeleteAtIndexTest.WorksWithString
Command: "/mnt/c/Users/suman/Desktop/DS_Library/build/DynamicArrayTesting" "--gtest_filter=DynamicArrayDeleteAtIndexTest.WorksWithString" "--gtest_also_run_disabled_tests"
Directory: /mnt/c/Users/suman/Desktop/DS_Library/build
"DynamicArrayDeleteAtIndexTest.WorksWithString" start time: Jul 14 20:05 UTC
Output:
----------------------------------------------------------
Running main() from ./googletest/src/gtest_main.cc
Note: Google Test filter = DynamicArrayDeleteAtIndexTest.WorksWithString
[==========] Running 1 test from 1 test suite.
[----------] Global test environment set-up.
[----------] 1 test from DynamicArrayDeleteAtIndexTest
[ RUN      ] DynamicArrayDeleteAtIndexTest.WorksWithString
[       OK ] DynamicArrayDeleteAtIndexTest.WorksWithString (0 ms)
[----------] 1 test from DynamicArrayDeleteAtIndexTest (0 ms total)

[----------] Global test environment tear-down
[==========] 1 test from 1 test suite ran. (0 ms total)
[  PASSED  ] 1 test.
<end of output>
Test time =   0.01 sec
----------------------------------------------------------
Test Passed.
"DynamicArrayDeleteAtIndexTest.WorksWithString" end time: Jul 14 20:05 UTC
"DynamicArrayDeleteAtIndexTest.WorksWithString" time elapsed: 00:00:00
----------------------------------------------------------

56/216 Testing: DynamicArrayDeleteAtIndexTest.WorksWithCustomObject
56/216 Test: DynamicArrayDeleteAtIndexTest.WorksWithCustomObject
Command: "/mnt/c/Users/suman/Desktop/DS_Library/build/DynamicArrayTesting" "--gtest_filter=DynamicArrayDeleteAtIndexTest.WorksWithCustomObject" "--gtest_also_run_disabled_tests"
Directory: /mnt/c/Users/suman/Desktop/DS_Library/build
"DynamicArrayDeleteAtIndexTest.WorksWithCustomObject" start time: Jul 14 20:05 UTC
Output:
----------------------------------------------------------
Running main() from ./googletest/src/gtest_main.cc
Note: Google Test filter = DynamicArrayDeleteAtIndexTest.WorksWithCustomObject
[==========] Running 1 test from 1 test suite.
[----------] Global test environment set-up.
[...]
[==========] Running 1 test from 1 test suite.
[----------] Global test environment set-up.
[----------] 1 test from LinkedListSearchTest
[ RUN      ] LinkedListSearchTest.EmptyListThrowsException
[       OK ] LinkedListSearchTest.EmptyListThrowsException (0 ms)
[----------] 1 test from LinkedListSearchTest (0 ms total)

[----------] Global test environment tear-down
[==========] 1 test from 1 test suite ran. (0 ms total)
[  PASSED  ] 1 test.
<end of output>
Test time =   0.02 sec
----------------------------------------------------------
Test Passed.
"LinkedListSearchTest.EmptyListThrowsException" end time: Jul 14 20:05 UTC
"LinkedListSearchTest.EmptyListThrowsException" time elapsed: 00:00:00
----------------------------------------------------------

203/216 Testing: LinkedListSearchTest.ReturnsFirstOccurrenceForDuplicateValues
203/216 Test: LinkedListSearchTest.ReturnsFirstOccurrenceForDuplicateValues
Command: "/mnt/c/Users/suman/Desktop/DS_Library/build/LinkedListTesting" "--gtest_filter=LinkedListSearchTest.ReturnsFirstOccurrenceForDuplicateValues" "--gtest_also_run_disabled_tests"
Directory: /mnt/c/Users/suman/Desktop/DS_Library/build
"LinkedListSearchTest.ReturnsFirstOccurrenceForDuplicateValues" start time: Jul 14 20:05 UTC
Output:
----------------------------------------------------------
Running main() from ./googletest/src/gtest_main.cc
Note: Google Test filter = LinkedListSearchTest.ReturnsFirstOccurrenceForDuplicateValues
[==========] Running 1 test from 1 test suite.
[----------] Global test environment set-up.
[----------] 1 test from LinkedListSearchTest
[ RUN      ] LinkedListSearchTest.ReturnsFirstOccurrenceForDuplicateValues
[       OK ] LinkedListSearchTest.ReturnsFirstOccurrenceForDuplicateValues (0 ms)
[----------] 1 test from LinkedListSearchTest (0 ms total)

[----------] Global test environment tear-down
[==========] 1 test from 1 test suite ran. (0 ms total)
[  PASSED  ] 1 test.
<end of output>
Test time =   0.01 sec
----------------------------------------------------------
Test Passed.
"LinkedListSearchTest.ReturnsFirstOccurrenceForDuplicateValues" end time: Jul 14 20:05 UTC
"LinkedListSearchTest.ReturnsFirstOccurrenceForDuplicateValues" time elapsed: 00:00:00
----------------------------------------------------------

204/216 Testing: LinkedListSearchTest.HandlesNegativeValues
204/216 Test: LinkedListSearchTest.HandlesNegativeValues
Command: "/mnt/c/Users/suman/Desktop/DS_Library/build/LinkedListTesting" "--gtest_filter=LinkedListSearchTest.HandlesNegativeValues" "--gtest_also_run_disabled_tests"
Directory: /mnt/c/Users/suman/Desktop/DS_Library/build
"LinkedListSearchTest.HandlesNegativeValues" start time: Jul 14 20:05 UTC
Output:
----------------------------------------------------------
Running main() from ./googletest/src/gtest_main.cc
Note: Google Test filter = LinkedListSearchTest.HandlesNegativeValues
[==========] Running 1 test from 1 test suite.
[----------] Global test environment set-up.
[----------] 1 test from LinkedListSearchTest
[ RUN      ] LinkedListSearchTest.HandlesNegativeValues
[       OK ] LinkedListSearchTest.HandlesNegativeValues (0 ms)
[----------] 1 test from LinkedListSearchTest (0 ms total)

[----------] Global test environment tear-down
[==========] 1 test from 1 test suite ran. (0 ms total)
[  PASSED  ] 1 test.
<end of output>
Test time =   0.01 sec
----------------------------------------------------------
Test Passed.
"LinkedListSearchTest.HandlesNegativeValues" end time: Jul 14 20:05 UTC
"LinkedListSearchTest.HandlesNegativeValues" time elapsed: 00:00:00
----------------------------------------------------------

205/216 Testing: LinkedListSearchTest.WorksWithString
205/216 Test: LinkedListSearchTest.WorksWithString
Command: "/mnt/c/Users/suman/Desktop/DS_Library/build/LinkedListTesting" "--gtest_filter=LinkedListSearchTest.WorksWithString" "--gtest_also_run_disabled_tests"
Directory: /mnt/c/Users/suman/Desktop/DS_Library/build
"LinkedListSearchTest.WorksWithString" start time: Jul 14 20:05 UTC
Output:
----------------------------------------------------------
Running main() from ./googletest/src/gtest_main.cc
Note: Google Test filter = LinkedListSearchTest.WorksWithString
[==========] Running 1 test from 1 test suite.
[----------] Global test environment set-up.
[----------] 1 test from LinkedListSearchTest
[ RUN      ] LinkedListSearchTest.WorksWithString
[       OK ] LinkedListSearchTest.WorksWithString (0 ms)
[----------] 1 test from LinkedListSearchTest (0 ms total)

[----------] Global test environment tear-down
[==========] 1 test from 1 test suite ran. (0 ms total)
[  PASSED  ] 1 test.
<end of output>
Test time =   0.01 sec
----------------------------------------------------------
Test Passed.
"LinkedListSearchTest.WorksWithString" end time: Jul 14 20:05 UTC
"LinkedListSearchTest.WorksWithString" time elapsed: 00:00:00
----------------------------------------------------------

206/216 Testing: LinkedListSearchTest.WorksWithCustomObject
206/216 Test: LinkedListSearchTest.WorksWithCustomObject
Command: "/mnt/c/Users/suman/Desktop/DS_Library/build/LinkedListTesting" "--gtest_filter=LinkedListSearchTest.WorksWithCustomObject" "--gtest_also_run_disabled_tests"
Directory: /mnt/c/Users/suman/Desktop/DS_Library/build
"LinkedListSearchTest.WorksWithCustomObject" start time: Jul 14 20:05 UTC
Output:
----------------------------------------------------------
Running main() from ./googletest/src/gtest_main.cc
Note: Google Test filter = LinkedListSearchTest.WorksWithCustomObject
[==========] Running 1 test from 1 test suite.
[----------] Global test environment set-up.
[----------] 1 test from LinkedListSearchTest
[ RUN      ] LinkedListSearchTest.WorksWithCustomObject
[       OK ] LinkedListSearchTest.WorksWithCustomObject (0 ms)
[----------] 1 test from LinkedListSearchTest (0 ms total)

[----------] Global test environment tear-down
[==========] 1 test from 1 test suite ran. (0 ms total)
[  PASSED  ] 1 test.
<end of output>
Test time =   0.01 sec
----------------------------------------------------------
Test Passed.
"LinkedListSearchTest.WorksWithCustomObject" end time: Jul 14 20:05 UTC
"LinkedListSearchTest.WorksWithCustomObject" time elapsed: 00:00:00
----------------------------------------------------------

207/216 Testing: LinkedListSearchTest.HandlesLargeNumberOfElements
207/216 Test: LinkedListSearchTest.HandlesLargeNumberOfElements
Command: "/mnt/c/Users/suman/Desktop/DS_Library/build/LinkedListTesting" "--gtest_filter=LinkedListSearchTest.HandlesLargeNumberOfElements" "--gtest_also_run_disabled_tests"
Directory: /mnt/c/Users/suman/Desktop/DS_Library/build
"LinkedListSearchTest.HandlesLargeNumberOfElements" start time: Jul 14 20:05 UTC
Output:
----------------------------------------------------------
Running main() from ./googletest/src/gtest_main.cc
Note: Google Test filter = LinkedListSearchTest.HandlesLargeNumberOfElements
[==========] Running 1 test from 1 test suite.
[----------] Global test environment set-up.
[----------] 1 test from LinkedListSearchTest
[ RUN      ] LinkedListSearchTest.HandlesLargeNumberOfElements
[       OK ] LinkedListSearchTest.HandlesLargeNumberOfElements (0 ms)
[----------] 1 test from LinkedListSearchTest (0 ms total)

[----------] Global test environment tear-down
[==========] 1 test from 1 test suite ran. (0 ms total)
[  PASSED  ] 1 test.
<end of output>
Test time =   0.01 sec
----------------------------------------------------------
Test Passed.
"LinkedListSearchTest.HandlesLargeNumberOfElements" end time: Jul 14 20:05 UTC
"LinkedListSearchTest.HandlesLargeNumberOfElements" time elapsed: 00:00:00
----------------------------------------------------------

208/216 Testing: LinkedListSearchTest.SearchDoesNotModifyList
208/216 Test: LinkedListSearchTest.SearchDoesNotModifyList
Command: "/mnt/c/Users/suman/Desktop/DS_Library/build/LinkedListTesting" "--gtest_filter=LinkedListSearchTest.SearchDoesNotModifyList" "--gtest_also_run_disabled_tests"
Directory: /mnt/c/Users/suman/Desktop/DS_Library/build
"LinkedListSearchTest.SearchDoesNotModifyList" start time: Jul 14 20:05 UTC
Output:
----------------------------------------------------------
Running main() from ./googletest/src/gtest_main.cc
Note: Google Test filter = LinkedListSearchTest.SearchDoesNotModifyList
[==========] Running 1 test from 1 test suite.
[----------] Global test environment set-up.
[----------] 1 test from LinkedListSearchTest
[ RUN      ] LinkedListSearchTest.SearchDoesNotModifyList
[       OK ] LinkedListSearchTest.SearchDoesNotModifyList (0 ms)
[----------] 1 test from LinkedListSearchTest (0 ms total)

[----------] Global test environment tear-down
[==========] 1 test from 1 test suite ran. (0 ms total)
[  PASSED  ] 1 test.
<end of output>
Test time =   0.01 sec
----------------------------------------------------------
Test Passed.
"LinkedListSearchTest.SearchDoesNotModifyList" end time: Jul 14 20:05 UTC
"LinkedListSearchTest.SearchDoesNotModifyList" time elapsed: 00:00:00
----------------------------------------------------------

209/216 Testing: LinkedListTraverseTest.EmptyList
209/216 Test: LinkedListTraverseTest.EmptyList
Command: "/mnt/c/Users/suman/Desktop/DS_Library/build/LinkedListTesting" "--gtest_filter=LinkedListTraverseTest.EmptyList" "--gtest_also_run_disabled_tests"
Directory: /mnt/c/Users/suman/Desktop/DS_Library/build
"LinkedListTraverseTest.EmptyList" start time: Jul 14 20:05 UTC
Output:
----------------------------------------------------------
Running main() from ./googletest/src/gtest_main.cc
Note: Google Test filter = LinkedListTraverseTest.EmptyList
[==========] Running 1 test from 1 test suite.
[----------] Global test environment set-up.
[----------] 1 test from LinkedListTraverseTest
[ RUN      ] LinkedListTraverseTest.EmptyList
[       OK ] LinkedListTraverseTest.EmptyList (0 ms)
[----------] 1 test from LinkedListTraverseTest (0 ms total)

[----------] Global test environment tear-down
[==========] 1 test from 1 test suite ran. (0 ms total)
[  PASSED  ] 1 test.
<end of output>
Test time =   0.01 sec
----------------------------------------------------------
Test Passed.
"LinkedListTraverseTest.EmptyList" end time: Jul 14 20:05 UTC
"LinkedListTraverseTest.EmptyList" time elapsed: 00:00:00
----------------------------------------------------------

210/216 Testing: LinkedListTraverseTest.SingleElement
210/216 Test: LinkedListTraverseTest.SingleElement
Command: "/mnt/c/Users/suman/Desktop/DS_Library/build/LinkedListTesting" "--gtest_filter=LinkedListTraverseTest.SingleElement" "--gtest_also_run_disabled_tests"
Directory: /mnt/c/Users/suman/Desktop/DS_Library/build
"LinkedListTraverseTest.SingleElement" start time: Jul 14 20:05 UTC
Output:
----------------------------------------------------------
Running main() from ./googletest/src/gtest_main.cc
Note: Google Test filter = LinkedListTraverseTest.SingleElement
[==========] Running 1 test from 1 test suite.
[----------] Global test environment set-up.
[----------] 1 test from LinkedListTraverseTest
[ RUN      ] LinkedListTraverseTest.SingleElement
[       OK ] LinkedListTraverseTest.SingleElement (0 ms)
[----------] 1 test from LinkedListTraverseTest (0 ms total)

[----------] Global test environment tear-down
[==========] 1 test from 1 test suite ran. (0 ms total)
[  PASSED  ] 1 test.
<end of output>
Test time =   0.02 sec
----------------------------------------------------------
Test Passed.
"LinkedListTraverseTest.SingleElement" end time: Jul 14 20:05 UTC
"LinkedListTraverseTest.SingleElement" time elapsed: 00:00:00
----------------------------------------------------------

211/216 Testing: LinkedListTraverseTest.MultipleElements
211/216 Test: LinkedListTraverseTest.MultipleElements
Command: "/mnt/c/Users/suman/Desktop/DS_Library/build/LinkedListTesting" "--gtest_filter=LinkedListTraverseTest.MultipleElements" "--gtest_also_run_disabled_tests"
Directory: /mnt/c/Users/suman/Desktop/DS_Library/build
"LinkedListTraverseTest.MultipleElements" start time: Jul 14 20:05 UTC
Output:
----------------------------------------------------------
Running main() from ./googletest/src/gtest_main.cc
Note: Google Test filter = LinkedListTraverseTest.MultipleElements
[==========] Running 1 test from 1 test suite.
[----------] Global test environment set-up.
[----------] 1 test from LinkedListTraverseTest
[ RUN      ] LinkedListTraverseTest.MultipleElements
[       OK ] LinkedListTraverseTest.MultipleElements (0 ms)
[----------] 1 test from LinkedListTraverseTest (0 ms total)

[----------] Global test environment tear-down
[==========] 1 test from 1 test suite ran. (0 ms total)
[  PASSED  ] 1 test.
<end of output>
Test time =   0.01 sec
----------------------------------------------------------
Test Passed.
"LinkedListTraverseTest.MultipleElements" end time: Jul 14 20:05 UTC
"LinkedListTraverseTest.MultipleElements" time elapsed: 00:00:00
----------------------------------------------------------

212/216 Testing: LinkedListTraverseTest.DuplicateAndNegativeValues
212/216 Test: LinkedListTraverseTest.DuplicateAndNegativeValues
Command: "/mnt/c/Users/suman/Desktop/DS_Library/build/LinkedListTesting" "--gtest_filter=LinkedListTraverseTest.DuplicateAndNegativeValues" "--gtest_also_run_disabled_tests"
Directory: /mnt/c/Users/suman/Desktop/DS_Library/build
"LinkedListTraverseTest.DuplicateAndNegativeValues" start time: Jul 14 20:05 UTC
Output:
----------------------------------------------------------
Running main() from ./googletest/src/gtest_main.cc
Note: Google Test filter = LinkedListTraverseTest.DuplicateAndNegativeValues
[==========] Running 1 test from 1 test suite.
[----------] Global test environment set-up.
[----------] 1 test from LinkedListTraverseTest
[ RUN      ] LinkedListTraverseTest.DuplicateAndNegativeValues
[       OK ] LinkedListTraverseTest.DuplicateAndNegativeValues (0 ms)
[----------] 1 test from LinkedListTraverseTest (0 ms total)

[----------] Global test environment tear-down
[==========] 1 test from 1 test suite ran. (0 ms total)
[  PASSED  ] 1 test.
<end of output>
Test time =   0.02 sec
----------------------------------------------------------
Test Passed.
"LinkedListTraverseTest.DuplicateAndNegativeValues" end time: Jul 14 20:05 UTC
"LinkedListTraverseTest.DuplicateAndNegativeValues" time elapsed: 00:00:00
----------------------------------------------------------

213/216 Testing: LinkedListTraverseTest.WorksWithString
213/216 Test: LinkedListTraverseTest.WorksWithString
Command: "/mnt/c/Users/suman/Desktop/DS_Library/build/LinkedListTesting" "--gtest_filter=LinkedListTraverseTest.WorksWithString" "--gtest_also_run_disabled_tests"
Directory: /mnt/c/Users/suman/Desktop/DS_Library/build
"LinkedListTraverseTest.WorksWithString" start time: Jul 14 20:05 UTC
Output:
----------------------------------------------------------
Running main() from ./googletest/src/gtest_main.cc
Note: Google Test filter = LinkedListTraverseTest.WorksWithString
[==========] Running 1 test from 1 test suite.
[----------] Global test environment set-up.
[----------] 1 test from LinkedListTraverseTest
[ RUN      ] LinkedListTraverseTest.WorksWithString
[       OK ] LinkedListTraverseTest.WorksWithString (0 ms)
[----------] 1 test from LinkedListTraverseTest (0 ms total)

[----------] Global test environment tear-down
[==========] 1 test from 1 test suite ran. (1 ms total)
[  PASSED  ] 1 test.
<end of output>
Test time =   0.01 sec
----------------------------------------------------------
Test Passed.
"LinkedListTraverseTest.WorksWithString" end time: Jul 14 20:05 UTC
"LinkedListTraverseTest.WorksWithString" time elapsed: 00:00:00
----------------------------------------------------------

214/216 Testing: LinkedListTraverseTest.WorksWithCustomObject
214/216 Test: LinkedListTraverseTest.WorksWithCustomObject
Command: "/mnt/c/Users/suman/Desktop/DS_Library/build/LinkedListTesting" "--gtest_filter=LinkedListTraverseTest.WorksWithCustomObject" "--gtest_also_run_disabled_tests"
Directory: /mnt/c/Users/suman/Desktop/DS_Library/build
"LinkedListTraverseTest.WorksWithCustomObject" start time: Jul 14 20:05 UTC
Output:
----------------------------------------------------------
Running main() from ./googletest/src/gtest_main.cc
Note: Google Test filter = LinkedListTraverseTest.WorksWithCustomObject
[==========] Running 1 test from 1 test suite.
[----------] Global test environment set-up.
[----------] 1 test from LinkedListTraverseTest
[ RUN      ] LinkedListTraverseTest.WorksWithCustomObject
[       OK ] LinkedListTraverseTest.WorksWithCustomObject (0 ms)
[----------] 1 test from LinkedListTraverseTest (0 ms total)

[----------] Global test environment tear-down
[==========] 1 test from 1 test suite ran. (0 ms total)
[  PASSED  ] 1 test.
<end of output>
Test time =   0.03 sec
----------------------------------------------------------
Test Passed.
"LinkedListTraverseTest.WorksWithCustomObject" end time: Jul 14 20:05 UTC
"LinkedListTraverseTest.WorksWithCustomObject" time elapsed: 00:00:00
----------------------------------------------------------

215/216 Testing: LinkedListTraverseTest.HandlesLargeNumberOfElements
215/216 Test: LinkedListTraverseTest.HandlesLargeNumberOfElements
Command: "/mnt/c/Users/suman/Desktop/DS_Library/build/LinkedListTesting" "--gtest_filter=LinkedListTraverseTest.HandlesLargeNumberOfElements" "--gtest_also_run_disabled_tests"
Directory: /mnt/c/Users/suman/Desktop/DS_Library/build
"LinkedListTraverseTest.HandlesLargeNumberOfElements" start time: Jul 14 20:05 UTC
Output:
----------------------------------------------------------
Running main() from ./googletest/src/gtest_main.cc
Note: Google Test filter = LinkedListTraverseTest.HandlesLargeNumberOfElements
[==========] Running 1 test from 1 test suite.
[----------] Global test environment set-up.
[----------] 1 test from LinkedListTraverseTest
[ RUN      ] LinkedListTraverseTest.HandlesLargeNumberOfElements
[       OK ] LinkedListTraverseTest.HandlesLargeNumberOfElements (0 ms)
[----------] 1 test from LinkedListTraverseTest (0 ms total)

[----------] Global test environment tear-down
[==========] 1 test from 1 test suite ran. (0 ms total)
[  PASSED  ] 1 test.
<end of output>
Test time =   0.02 sec
----------------------------------------------------------
Test Passed.
"LinkedListTraverseTest.HandlesLargeNumberOfElements" end time: Jul 14 20:05 UTC
"LinkedListTraverseTest.HandlesLargeNumberOfElements" time elapsed: 00:00:00
----------------------------------------------------------

216/216 Testing: LinkedListTraverseTest.TraverseDoesNotModifyList
216/216 Test: LinkedListTraverseTest.TraverseDoesNotModifyList
Command: "/mnt/c/Users/suman/Desktop/DS_Library/build/LinkedListTesting" "--gtest_filter=LinkedListTraverseTest.TraverseDoesNotModifyList" "--gtest_also_run_disabled_tests"
Directory: /mnt/c/Users/suman/Desktop/DS_Library/build
"LinkedListTraverseTest.TraverseDoesNotModifyList" start time: Jul 14 20:05 UTC
Output:
----------------------------------------------------------
Running main() from ./googletest/src/gtest_main.cc
Note: Google Test filter = LinkedListTraverseTest.TraverseDoesNotModifyList
[==========] Running 1 test from 1 test suite.
[----------] Global test environment set-up.
[----------] 1 test from LinkedListTraverseTest
[ RUN      ] LinkedListTraverseTest.TraverseDoesNotModifyList
[       OK ] LinkedListTraverseTest.TraverseDoesNotModifyList (0 ms)
[----------] 1 test from LinkedListTraverseTest (0 ms total)

[----------] Global test environment tear-down
[==========] 1 test from 1 test suite ran. (0 ms total)
[  PASSED  ] 1 test.
<end of output>
Test time =   0.02 sec
----------------------------------------------------------
Test Passed.
"LinkedListTraverseTest.TraverseDoesNotModifyList" end time: Jul 14 20:05 UTC
"LinkedListTraverseTest.TraverseDoesNotModifyList" time elapsed: 00:00:00
----------------------------------------------------------

End testing: Jul 14 20:05 UTC
